[2024-05-22 02:20:26,265] {taskinstance.py:1032} INFO - Dependencies all met for <TaskInstance: purpleair_api_dag.fetch_data scheduled__2024-05-21T15:00:00+00:00 [queued]>
[2024-05-22 02:20:26,285] {taskinstance.py:1032} INFO - Dependencies all met for <TaskInstance: purpleair_api_dag.fetch_data scheduled__2024-05-21T15:00:00+00:00 [queued]>
[2024-05-22 02:20:26,286] {taskinstance.py:1238} INFO - 
--------------------------------------------------------------------------------
[2024-05-22 02:20:26,287] {taskinstance.py:1239} INFO - Starting attempt 1 of 2
[2024-05-22 02:20:26,287] {taskinstance.py:1240} INFO - 
--------------------------------------------------------------------------------
[2024-05-22 02:20:26,303] {taskinstance.py:1259} INFO - Executing <Task(PythonOperator): fetch_data> on 2024-05-21 15:00:00+00:00
[2024-05-22 02:20:26,321] {standard_task_runner.py:52} INFO - Started process 2369 to run task
[2024-05-22 02:20:26,328] {standard_task_runner.py:76} INFO - Running: ['***', 'tasks', 'run', 'purpleair_api_dag', 'fetch_data', 'scheduled__2024-05-21T15:00:00+00:00', '--job-id', '17', '--raw', '--subdir', 'DAGS_FOLDER/data_ingestion.py', '--cfg-path', '/tmp/tmpc6gwq15g', '--error-file', '/tmp/tmpwcrs_me3']
[2024-05-22 02:20:26,344] {standard_task_runner.py:77} INFO - Job 17: Subtask fetch_data
[2024-05-22 02:20:26,451] {logging_mixin.py:109} INFO - Running <TaskInstance: purpleair_api_dag.fetch_data scheduled__2024-05-21T15:00:00+00:00 [running]> on host 8fe6997c1526
[2024-05-22 02:20:26,545] {taskinstance.py:1426} INFO - Exporting the following env vars:
AIRFLOW_CTX_DAG_OWNER=***
AIRFLOW_CTX_DAG_ID=purpleair_api_dag
AIRFLOW_CTX_TASK_ID=fetch_data
AIRFLOW_CTX_EXECUTION_DATE=2024-05-21T15:00:00+00:00
AIRFLOW_CTX_DAG_RUN_ID=scheduled__2024-05-21T15:00:00+00:00
[2024-05-22 02:20:26,833] {logging_mixin.py:109} INFO - Failed to retrieve data: 403
[2024-05-22 02:20:26,834] {python.py:175} INFO - Done. Returned value was: None
[2024-05-22 02:20:26,849] {taskinstance.py:1277} INFO - Marking task as SUCCESS. dag_id=purpleair_api_dag, task_id=fetch_data, execution_date=20240521T150000, start_date=20240522T022026, end_date=20240522T022026
[2024-05-22 02:20:26,882] {local_task_job.py:154} INFO - Task exited with return code 0
[2024-05-22 02:20:26,921] {local_task_job.py:264} INFO - 0 downstream tasks scheduled from follow-on schedule check
[2024-05-22 04:16:26,410] {taskinstance.py:1032} INFO - Dependencies all met for <TaskInstance: purpleair_api_dag.fetch_data scheduled__2024-05-21T15:00:00+00:00 [queued]>
[2024-05-22 04:16:26,431] {taskinstance.py:1032} INFO - Dependencies all met for <TaskInstance: purpleair_api_dag.fetch_data scheduled__2024-05-21T15:00:00+00:00 [queued]>
[2024-05-22 04:16:26,431] {taskinstance.py:1238} INFO - 
--------------------------------------------------------------------------------
[2024-05-22 04:16:26,432] {taskinstance.py:1239} INFO - Starting attempt 1 of 2
[2024-05-22 04:16:26,433] {taskinstance.py:1240} INFO - 
--------------------------------------------------------------------------------
[2024-05-22 04:16:26,450] {taskinstance.py:1259} INFO - Executing <Task(PythonOperator): fetch_data> on 2024-05-21 15:00:00+00:00
[2024-05-22 04:16:26,458] {standard_task_runner.py:52} INFO - Started process 254 to run task
[2024-05-22 04:16:26,464] {standard_task_runner.py:76} INFO - Running: ['***', 'tasks', 'run', 'purpleair_api_dag', 'fetch_data', 'scheduled__2024-05-21T15:00:00+00:00', '--job-id', '18', '--raw', '--subdir', 'DAGS_FOLDER/data_ingestion.py', '--cfg-path', '/tmp/tmp5dad75e4', '--error-file', '/tmp/tmp_ax18skl']
[2024-05-22 04:16:26,475] {standard_task_runner.py:77} INFO - Job 18: Subtask fetch_data
[2024-05-22 04:16:26,560] {logging_mixin.py:109} INFO - Running <TaskInstance: purpleair_api_dag.fetch_data scheduled__2024-05-21T15:00:00+00:00 [running]> on host 3419eee920a5
[2024-05-22 04:16:26,635] {taskinstance.py:1426} INFO - Exporting the following env vars:
AIRFLOW_CTX_DAG_OWNER=***
AIRFLOW_CTX_DAG_ID=purpleair_api_dag
AIRFLOW_CTX_TASK_ID=fetch_data
AIRFLOW_CTX_EXECUTION_DATE=2024-05-21T15:00:00+00:00
AIRFLOW_CTX_DAG_RUN_ID=scheduled__2024-05-21T15:00:00+00:00
[2024-05-22 04:16:26,638] {logging_mixin.py:109} INFO -  api is None
[2024-05-22 04:16:26,642] {logging_mixin.py:109} INFO - Full URL: https://api.purpleair.com/v1/sensors?fields=latitude%2Clongitude%2Chumidity%2Cpm2.5_60minute%2Clast_seen&location_type=0&max_age=300
[2024-05-22 04:16:26,643] {logging_mixin.py:109} INFO - Headers: {'X-API-Key': 'None'}
[2024-05-22 04:16:26,768] {logging_mixin.py:109} INFO - Status Code: 403
[2024-05-22 04:16:26,769] {logging_mixin.py:109} INFO - Response Content: {
  "api_version" : "V1.0.13-0.0.56",
  "time_stamp" : 1716351386,
  "error" : "ApiKeyInvalidError",
  "description" : "The provided api_key was not valid."
}
[2024-05-22 04:16:26,809] {logging_mixin.py:109} INFO - Failed to retrieve data: 403
[2024-05-22 04:16:26,810] {python.py:175} INFO - Done. Returned value was: None
[2024-05-22 04:16:26,824] {taskinstance.py:1277} INFO - Marking task as SUCCESS. dag_id=purpleair_api_dag, task_id=fetch_data, execution_date=20240521T150000, start_date=20240522T041626, end_date=20240522T041626
[2024-05-22 04:16:26,880] {local_task_job.py:154} INFO - Task exited with return code 0
[2024-05-22 04:16:26,929] {local_task_job.py:264} INFO - 0 downstream tasks scheduled from follow-on schedule check
[2024-05-22 04:17:49,505] {taskinstance.py:1032} INFO - Dependencies all met for <TaskInstance: purpleair_api_dag.fetch_data scheduled__2024-05-21T15:00:00+00:00 [queued]>
[2024-05-22 04:17:49,612] {taskinstance.py:1032} INFO - Dependencies all met for <TaskInstance: purpleair_api_dag.fetch_data scheduled__2024-05-21T15:00:00+00:00 [queued]>
[2024-05-22 04:17:49,613] {taskinstance.py:1238} INFO - 
--------------------------------------------------------------------------------
[2024-05-22 04:17:49,613] {taskinstance.py:1239} INFO - Starting attempt 1 of 2
[2024-05-22 04:17:49,613] {taskinstance.py:1240} INFO - 
--------------------------------------------------------------------------------
[2024-05-22 04:17:49,773] {taskinstance.py:1259} INFO - Executing <Task(PythonOperator): fetch_data> on 2024-05-21 15:00:00+00:00
[2024-05-22 04:17:49,803] {standard_task_runner.py:52} INFO - Started process 367 to run task
[2024-05-22 04:17:49,848] {standard_task_runner.py:76} INFO - Running: ['***', 'tasks', 'run', 'purpleair_api_dag', 'fetch_data', 'scheduled__2024-05-21T15:00:00+00:00', '--job-id', '35', '--raw', '--subdir', 'DAGS_FOLDER/data_ingestion.py', '--cfg-path', '/tmp/tmppliun3o0', '--error-file', '/tmp/tmpqpacg3v3']
[2024-05-22 04:17:49,933] {standard_task_runner.py:77} INFO - Job 35: Subtask fetch_data
[2024-05-22 04:17:50,382] {logging_mixin.py:109} INFO - Running <TaskInstance: purpleair_api_dag.fetch_data scheduled__2024-05-21T15:00:00+00:00 [running]> on host 3419eee920a5
[2024-05-22 04:17:50,848] {taskinstance.py:1426} INFO - Exporting the following env vars:
AIRFLOW_CTX_DAG_OWNER=***
AIRFLOW_CTX_DAG_ID=purpleair_api_dag
AIRFLOW_CTX_TASK_ID=fetch_data
AIRFLOW_CTX_EXECUTION_DATE=2024-05-21T15:00:00+00:00
AIRFLOW_CTX_DAG_RUN_ID=scheduled__2024-05-21T15:00:00+00:00
[2024-05-22 04:17:50,873] {logging_mixin.py:109} INFO -  api is None
[2024-05-22 04:17:50,899] {logging_mixin.py:109} INFO - Full URL: https://api.purpleair.com/v1/sensors?fields=latitude%2Clongitude%2Chumidity%2Cpm2.5_60minute%2Clast_seen&location_type=0&max_age=300
[2024-05-22 04:17:50,908] {logging_mixin.py:109} INFO - Headers: {'X-API-Key': 'None'}
[2024-05-22 04:17:51,140] {logging_mixin.py:109} INFO - Status Code: 403
[2024-05-22 04:17:51,148] {logging_mixin.py:109} INFO - Response Content: {
  "api_version" : "V1.0.13-0.0.56",
  "time_stamp" : 1716351471,
  "error" : "ApiKeyInvalidError",
  "description" : "The provided api_key was not valid."
}
[2024-05-22 04:17:51,359] {logging_mixin.py:109} INFO - Failed to retrieve data: 403
[2024-05-22 04:17:51,380] {python.py:175} INFO - Done. Returned value was: None
[2024-05-22 04:17:51,673] {taskinstance.py:1277} INFO - Marking task as SUCCESS. dag_id=purpleair_api_dag, task_id=fetch_data, execution_date=20240521T150000, start_date=20240522T041749, end_date=20240522T041751
[2024-05-22 04:17:51,913] {local_task_job.py:154} INFO - Task exited with return code 0
[2024-05-22 04:17:52,340] {local_task_job.py:264} INFO - 0 downstream tasks scheduled from follow-on schedule check
