[2024-05-22 06:56:36,962] {taskinstance.py:1032} INFO - Dependencies all met for <TaskInstance: purpleair_api_dag.fetch_data scheduled__2024-05-22T05:00:00+00:00 [queued]>
[2024-05-22 06:56:37,104] {taskinstance.py:1032} INFO - Dependencies all met for <TaskInstance: purpleair_api_dag.fetch_data scheduled__2024-05-22T05:00:00+00:00 [queued]>
[2024-05-22 06:56:37,104] {taskinstance.py:1238} INFO - 
--------------------------------------------------------------------------------
[2024-05-22 06:56:37,104] {taskinstance.py:1239} INFO - Starting attempt 1 of 2
[2024-05-22 06:56:37,104] {taskinstance.py:1240} INFO - 
--------------------------------------------------------------------------------
[2024-05-22 06:56:37,217] {taskinstance.py:1259} INFO - Executing <Task(PythonOperator): fetch_data> on 2024-05-22 05:00:00+00:00
[2024-05-22 06:56:37,247] {standard_task_runner.py:52} INFO - Started process 584 to run task
[2024-05-22 06:56:37,303] {standard_task_runner.py:76} INFO - Running: ['***', 'tasks', 'run', 'purpleair_api_dag', 'fetch_data', 'scheduled__2024-05-22T05:00:00+00:00', '--job-id', '63', '--raw', '--subdir', 'DAGS_FOLDER/data_ingestion.py', '--cfg-path', '/tmp/tmp4hucxmv9', '--error-file', '/tmp/tmpo6_i1ocl']
[2024-05-22 06:56:37,380] {standard_task_runner.py:77} INFO - Job 63: Subtask fetch_data
[2024-05-22 06:56:37,880] {logging_mixin.py:109} INFO - Running <TaskInstance: purpleair_api_dag.fetch_data scheduled__2024-05-22T05:00:00+00:00 [running]> on host 148b4063f71c
[2024-05-22 06:56:38,279] {taskinstance.py:1426} INFO - Exporting the following env vars:
AIRFLOW_CTX_DAG_OWNER=***
AIRFLOW_CTX_DAG_ID=purpleair_api_dag
AIRFLOW_CTX_TASK_ID=fetch_data
AIRFLOW_CTX_EXECUTION_DATE=2024-05-22T05:00:00+00:00
AIRFLOW_CTX_DAG_RUN_ID=scheduled__2024-05-22T05:00:00+00:00
[2024-05-22 06:56:38,291] {logging_mixin.py:109} INFO - Full URL: https://api.purpleair.com/v1/sensors?fields=latitude%2Clongitude%2Chumidity%2Cpm2.5_60minute%2Ctemperature&location_type=0&max_age=300
[2024-05-22 06:56:38,292] {logging_mixin.py:109} INFO - Headers: {'X-API-Key': '9A23CD90-1279-11EF-B9F7-42010A80000D'}
[2024-05-22 06:56:38,501] {logging_mixin.py:109} INFO - Status Code: 402
[2024-05-22 06:56:38,502] {logging_mixin.py:109} INFO - Response Content: {
  "api_version" : "V1.0.13-0.0.56",
  "time_stamp" : 1716360998,
  "error" : "RateLimitExceededError",
  "description" : "Available API call limit exceeded, please try later."
}{
  "api_version" : "V1.0.13-0.0.56",
  "time_stamp" : 1716360998,
  "error" : "PaymentRequiredError",
  "description" : "Payment is required to make this api call."
}
[2024-05-22 06:56:49,350] {logging_mixin.py:109} INFO - Failed to retrieve data: 500
[2024-05-22 06:56:49,387] {python.py:175} INFO - Done. Returned value was: None
[2024-05-22 06:56:50,263] {taskinstance.py:1277} INFO - Marking task as SUCCESS. dag_id=purpleair_api_dag, task_id=fetch_data, execution_date=20240522T050000, start_date=20240522T065636, end_date=20240522T065650
[2024-05-22 06:56:50,641] {local_task_job.py:154} INFO - Task exited with return code 0
[2024-05-22 06:56:50,858] {local_task_job.py:264} INFO - 1 downstream tasks scheduled from follow-on schedule check
[2024-05-22 07:05:08,197] {taskinstance.py:1032} INFO - Dependencies all met for <TaskInstance: purpleair_api_dag.fetch_data scheduled__2024-05-22T05:00:00+00:00 [queued]>
[2024-05-22 07:05:08,412] {taskinstance.py:1032} INFO - Dependencies all met for <TaskInstance: purpleair_api_dag.fetch_data scheduled__2024-05-22T05:00:00+00:00 [queued]>
[2024-05-22 07:05:08,433] {taskinstance.py:1238} INFO - 
--------------------------------------------------------------------------------
[2024-05-22 07:05:08,433] {taskinstance.py:1239} INFO - Starting attempt 1 of 2
[2024-05-22 07:05:08,433] {taskinstance.py:1240} INFO - 
--------------------------------------------------------------------------------
[2024-05-22 07:05:08,702] {taskinstance.py:1259} INFO - Executing <Task(PythonOperator): fetch_data> on 2024-05-22 05:00:00+00:00
[2024-05-22 07:05:08,780] {standard_task_runner.py:52} INFO - Started process 1158 to run task
[2024-05-22 07:05:08,837] {standard_task_runner.py:76} INFO - Running: ['***', 'tasks', 'run', 'purpleair_api_dag', 'fetch_data', 'scheduled__2024-05-22T05:00:00+00:00', '--job-id', '147', '--raw', '--subdir', 'DAGS_FOLDER/data_ingestion.py', '--cfg-path', '/tmp/tmpvjzxku2e', '--error-file', '/tmp/tmpmgcvvbee']
[2024-05-22 07:05:08,905] {standard_task_runner.py:77} INFO - Job 147: Subtask fetch_data
[2024-05-22 07:05:09,671] {logging_mixin.py:109} INFO - Running <TaskInstance: purpleair_api_dag.fetch_data scheduled__2024-05-22T05:00:00+00:00 [running]> on host 148b4063f71c
[2024-05-22 07:05:10,137] {taskinstance.py:1426} INFO - Exporting the following env vars:
AIRFLOW_CTX_DAG_OWNER=***
AIRFLOW_CTX_DAG_ID=purpleair_api_dag
AIRFLOW_CTX_TASK_ID=fetch_data
AIRFLOW_CTX_EXECUTION_DATE=2024-05-22T05:00:00+00:00
AIRFLOW_CTX_DAG_RUN_ID=scheduled__2024-05-22T05:00:00+00:00
[2024-05-22 07:05:10,214] {logging_mixin.py:109} INFO - Full URL: https://api.purpleair.com/v1/sensors?fields=latitude%2Clongitude%2Chumidity%2Cpm2.5_60minute%2Ctemperature&location_type=0&max_age=300
[2024-05-22 07:05:10,240] {logging_mixin.py:109} INFO - Headers: {'X-API-Key': '9A23CD90-1279-11EF-B9F7-42010A80000D'}
[2024-05-22 07:05:10,598] {logging_mixin.py:109} INFO - Status Code: 402
[2024-05-22 07:05:10,599] {logging_mixin.py:109} INFO - Response Content: {
  "api_version" : "V1.0.13-0.0.56",
  "time_stamp" : 1716361510,
  "error" : "PaymentRequiredError",
  "description" : "Payment is required to make this api call."
}
[2024-05-22 07:05:10,848] {logging_mixin.py:109} INFO - Failed to retrieve data: 402
[2024-05-22 07:05:10,848] {python.py:175} INFO - Done. Returned value was: None
[2024-05-22 07:05:10,907] {taskinstance.py:1277} INFO - Marking task as SUCCESS. dag_id=purpleair_api_dag, task_id=fetch_data, execution_date=20240522T050000, start_date=20240522T070508, end_date=20240522T070510
[2024-05-22 07:05:11,209] {local_task_job.py:154} INFO - Task exited with return code 0
[2024-05-22 07:05:11,468] {local_task_job.py:264} INFO - 1 downstream tasks scheduled from follow-on schedule check
[2024-05-22 07:13:00,768] {taskinstance.py:1032} INFO - Dependencies all met for <TaskInstance: purpleair_api_dag.fetch_data scheduled__2024-05-22T05:00:00+00:00 [queued]>
[2024-05-22 07:13:00,901] {taskinstance.py:1032} INFO - Dependencies all met for <TaskInstance: purpleair_api_dag.fetch_data scheduled__2024-05-22T05:00:00+00:00 [queued]>
[2024-05-22 07:13:00,901] {taskinstance.py:1238} INFO - 
--------------------------------------------------------------------------------
[2024-05-22 07:13:00,902] {taskinstance.py:1239} INFO - Starting attempt 1 of 2
[2024-05-22 07:13:00,902] {taskinstance.py:1240} INFO - 
--------------------------------------------------------------------------------
[2024-05-22 07:13:00,960] {taskinstance.py:1259} INFO - Executing <Task(PythonOperator): fetch_data> on 2024-05-22 05:00:00+00:00
[2024-05-22 07:13:01,121] {standard_task_runner.py:76} INFO - Running: ['***', 'tasks', 'run', 'purpleair_api_dag', 'fetch_data', 'scheduled__2024-05-22T05:00:00+00:00', '--job-id', '228', '--raw', '--subdir', 'DAGS_FOLDER/data_ingestion.py', '--cfg-path', '/tmp/tmpw95l43l7', '--error-file', '/tmp/tmp77sb6sry']
[2024-05-22 07:13:01,182] {standard_task_runner.py:77} INFO - Job 228: Subtask fetch_data
[2024-05-22 07:13:01,060] {standard_task_runner.py:52} INFO - Started process 1691 to run task
[2024-05-22 07:13:01,987] {logging_mixin.py:109} INFO - Running <TaskInstance: purpleair_api_dag.fetch_data scheduled__2024-05-22T05:00:00+00:00 [running]> on host 148b4063f71c
[2024-05-22 07:13:02,595] {taskinstance.py:1426} INFO - Exporting the following env vars:
AIRFLOW_CTX_DAG_OWNER=***
AIRFLOW_CTX_DAG_ID=purpleair_api_dag
AIRFLOW_CTX_TASK_ID=fetch_data
AIRFLOW_CTX_EXECUTION_DATE=2024-05-22T05:00:00+00:00
AIRFLOW_CTX_DAG_RUN_ID=scheduled__2024-05-22T05:00:00+00:00
[2024-05-22 07:13:02,605] {logging_mixin.py:109} INFO - Full URL: https://api.purpleair.com/v1/sensors?fields=latitude%2Clongitude%2Chumidity%2Cpm2.5_60minute%2Ctemperature&location_type=0&max_age=300
[2024-05-22 07:13:02,606] {logging_mixin.py:109} INFO - Headers: {'X-API-Key': '9A23CD90-1279-11EF-B9F7-42010A80000D'}
[2024-05-22 07:13:02,761] {logging_mixin.py:109} INFO - Status Code: 402
[2024-05-22 07:13:02,762] {logging_mixin.py:109} INFO - Response Content: {
  "api_version" : "V1.0.13-0.0.56",
  "time_stamp" : 1716361982,
  "error" : "RateLimitExceededError",
  "description" : "Available API call limit exceeded, please try later."
}{
  "api_version" : "V1.0.13-0.0.56",
  "time_stamp" : 1716361982,
  "error" : "PaymentRequiredError",
  "description" : "Payment is required to make this api call."
}
[2024-05-22 07:13:03,004] {logging_mixin.py:109} INFO - Failed to retrieve data: 402
[2024-05-22 07:13:03,017] {python.py:175} INFO - Done. Returned value was: None
[2024-05-22 07:13:03,535] {taskinstance.py:1277} INFO - Marking task as SUCCESS. dag_id=purpleair_api_dag, task_id=fetch_data, execution_date=20240522T050000, start_date=20240522T071300, end_date=20240522T071303
[2024-05-22 07:13:03,710] {local_task_job.py:154} INFO - Task exited with return code 0
[2024-05-22 07:13:04,351] {local_task_job.py:264} INFO - 0 downstream tasks scheduled from follow-on schedule check
[2024-05-22 07:22:37,293] {taskinstance.py:1032} INFO - Dependencies all met for <TaskInstance: purpleair_api_dag.fetch_data scheduled__2024-05-22T05:00:00+00:00 [queued]>
[2024-05-22 07:22:37,426] {taskinstance.py:1032} INFO - Dependencies all met for <TaskInstance: purpleair_api_dag.fetch_data scheduled__2024-05-22T05:00:00+00:00 [queued]>
[2024-05-22 07:22:37,436] {taskinstance.py:1238} INFO - 
--------------------------------------------------------------------------------
[2024-05-22 07:22:37,437] {taskinstance.py:1239} INFO - Starting attempt 1 of 2
[2024-05-22 07:22:37,438] {taskinstance.py:1240} INFO - 
--------------------------------------------------------------------------------
[2024-05-22 07:22:37,583] {taskinstance.py:1259} INFO - Executing <Task(PythonOperator): fetch_data> on 2024-05-22 05:00:00+00:00
[2024-05-22 07:22:37,636] {standard_task_runner.py:52} INFO - Started process 2383 to run task
[2024-05-22 07:22:37,792] {standard_task_runner.py:76} INFO - Running: ['***', 'tasks', 'run', 'purpleair_api_dag', 'fetch_data', 'scheduled__2024-05-22T05:00:00+00:00', '--job-id', '338', '--raw', '--subdir', 'DAGS_FOLDER/data_ingestion.py', '--cfg-path', '/tmp/tmpczgcggwd', '--error-file', '/tmp/tmp9guv_4c5']
[2024-05-22 07:22:37,844] {standard_task_runner.py:77} INFO - Job 338: Subtask fetch_data
[2024-05-22 07:22:38,271] {logging_mixin.py:109} INFO - Running <TaskInstance: purpleair_api_dag.fetch_data scheduled__2024-05-22T05:00:00+00:00 [running]> on host 148b4063f71c
[2024-05-22 07:22:38,899] {taskinstance.py:1426} INFO - Exporting the following env vars:
AIRFLOW_CTX_DAG_OWNER=***
AIRFLOW_CTX_DAG_ID=purpleair_api_dag
AIRFLOW_CTX_TASK_ID=fetch_data
AIRFLOW_CTX_EXECUTION_DATE=2024-05-22T05:00:00+00:00
AIRFLOW_CTX_DAG_RUN_ID=scheduled__2024-05-22T05:00:00+00:00
[2024-05-22 07:22:38,919] {logging_mixin.py:109} INFO - Full URL: https://api.purpleair.com/v1/sensors?fields=latitude%2Clongitude%2Chumidity%2Cpm2.5_60minute%2Ctemperature&location_type=0&max_age=300
[2024-05-22 07:22:38,924] {logging_mixin.py:109} INFO - Headers: {'X-API-Key': '9A23CD90-1279-11EF-B9F7-42010A80000D'}
[2024-05-22 07:22:39,600] {logging_mixin.py:109} INFO - Status Code: 402
[2024-05-22 07:22:39,601] {logging_mixin.py:109} INFO - Response Content: {
  "api_version" : "V1.0.13-0.0.56",
  "time_stamp" : 1716362559,
  "error" : "RateLimitExceededError",
  "description" : "Available API call limit exceeded, please try later."
}{
  "api_version" : "V1.0.13-0.0.56",
  "time_stamp" : 1716362559,
  "error" : "PaymentRequiredError",
  "description" : "Payment is required to make this api call."
}
[2024-05-22 07:22:39,863] {logging_mixin.py:109} INFO - Failed to retrieve data: 402
[2024-05-22 07:22:39,864] {python.py:175} INFO - Done. Returned value was: None
[2024-05-22 07:22:39,989] {taskinstance.py:1277} INFO - Marking task as SUCCESS. dag_id=purpleair_api_dag, task_id=fetch_data, execution_date=20240522T050000, start_date=20240522T072237, end_date=20240522T072239
[2024-05-22 07:22:40,228] {local_task_job.py:154} INFO - Task exited with return code 0
[2024-05-22 07:22:40,444] {local_task_job.py:264} INFO - 1 downstream tasks scheduled from follow-on schedule check
