[2024-05-22 07:06:37,267] {taskinstance.py:1032} INFO - Dependencies all met for <TaskInstance: purpleair_api_dag.fetch_data manual__2024-05-22T07:06:30.659541+00:00 [queued]>
[2024-05-22 07:06:37,339] {taskinstance.py:1032} INFO - Dependencies all met for <TaskInstance: purpleair_api_dag.fetch_data manual__2024-05-22T07:06:30.659541+00:00 [queued]>
[2024-05-22 07:06:37,339] {taskinstance.py:1238} INFO - 
--------------------------------------------------------------------------------
[2024-05-22 07:06:37,339] {taskinstance.py:1239} INFO - Starting attempt 1 of 2
[2024-05-22 07:06:37,339] {taskinstance.py:1240} INFO - 
--------------------------------------------------------------------------------
[2024-05-22 07:06:37,434] {taskinstance.py:1259} INFO - Executing <Task(PythonOperator): fetch_data> on 2024-05-22 07:06:30.659541+00:00
[2024-05-22 07:06:37,470] {standard_task_runner.py:52} INFO - Started process 1253 to run task
[2024-05-22 07:06:37,502] {standard_task_runner.py:76} INFO - Running: ['***', 'tasks', 'run', 'purpleair_api_dag', 'fetch_data', 'manual__2024-05-22T07:06:30.659541+00:00', '--job-id', '161', '--raw', '--subdir', 'DAGS_FOLDER/data_ingestion.py', '--cfg-path', '/tmp/tmpgrv5a2g3', '--error-file', '/tmp/tmpulz5hc2g']
[2024-05-22 07:06:37,569] {standard_task_runner.py:77} INFO - Job 161: Subtask fetch_data
[2024-05-22 07:06:37,861] {logging_mixin.py:109} INFO - Running <TaskInstance: purpleair_api_dag.fetch_data manual__2024-05-22T07:06:30.659541+00:00 [running]> on host 148b4063f71c
[2024-05-22 07:06:38,237] {taskinstance.py:1426} INFO - Exporting the following env vars:
AIRFLOW_CTX_DAG_OWNER=***
AIRFLOW_CTX_DAG_ID=purpleair_api_dag
AIRFLOW_CTX_TASK_ID=fetch_data
AIRFLOW_CTX_EXECUTION_DATE=2024-05-22T07:06:30.659541+00:00
AIRFLOW_CTX_DAG_RUN_ID=manual__2024-05-22T07:06:30.659541+00:00
[2024-05-22 07:06:38,310] {logging_mixin.py:109} INFO - Full URL: https://api.purpleair.com/v1/sensors?fields=latitude%2Clongitude%2Chumidity%2Cpm2.5_60minute%2Ctemperature&location_type=0&max_age=300
[2024-05-22 07:06:38,310] {logging_mixin.py:109} INFO - Headers: {'X-API-Key': '9A23CD90-1279-11EF-B9F7-42010A80000D'}
[2024-05-22 07:06:38,680] {logging_mixin.py:109} INFO - Status Code: 402
[2024-05-22 07:06:38,681] {logging_mixin.py:109} INFO - Response Content: {
  "api_version" : "V1.0.13-0.0.56",
  "time_stamp" : 1716361598,
  "error" : "PaymentRequiredError",
  "description" : "Payment is required to make this api call."
}
[2024-05-22 07:06:38,965] {logging_mixin.py:109} INFO - Failed to retrieve data: 402
[2024-05-22 07:06:38,972] {python.py:175} INFO - Done. Returned value was: None
[2024-05-22 07:06:39,195] {taskinstance.py:1277} INFO - Marking task as SUCCESS. dag_id=purpleair_api_dag, task_id=fetch_data, execution_date=20240522T070630, start_date=20240522T070637, end_date=20240522T070639
[2024-05-22 07:06:39,512] {local_task_job.py:154} INFO - Task exited with return code 0
[2024-05-22 07:06:40,192] {local_task_job.py:264} INFO - 0 downstream tasks scheduled from follow-on schedule check
