[2024-05-22 02:38:41,617] {taskinstance.py:1032} INFO - Dependencies all met for <TaskInstance: purpleair_api_dag.fetch_data manual__2024-05-22T02:38:40.463783+00:00 [queued]>
[2024-05-22 02:38:41,634] {taskinstance.py:1032} INFO - Dependencies all met for <TaskInstance: purpleair_api_dag.fetch_data manual__2024-05-22T02:38:40.463783+00:00 [queued]>
[2024-05-22 02:38:41,634] {taskinstance.py:1238} INFO - 
--------------------------------------------------------------------------------
[2024-05-22 02:38:41,634] {taskinstance.py:1239} INFO - Starting attempt 1 of 2
[2024-05-22 02:38:41,634] {taskinstance.py:1240} INFO - 
--------------------------------------------------------------------------------
[2024-05-22 02:38:41,649] {taskinstance.py:1259} INFO - Executing <Task(PythonOperator): fetch_data> on 2024-05-22 02:38:40.463783+00:00
[2024-05-22 02:38:41,660] {standard_task_runner.py:52} INFO - Started process 3201 to run task
[2024-05-22 02:38:41,664] {standard_task_runner.py:76} INFO - Running: ['***', 'tasks', 'run', 'purpleair_api_dag', 'fetch_data', 'manual__2024-05-22T02:38:40.463783+00:00', '--job-id', '32', '--raw', '--subdir', 'DAGS_FOLDER/data_ingestion.py', '--cfg-path', '/tmp/tmpax_yye_p', '--error-file', '/tmp/tmpf8na4j7w']
[2024-05-22 02:38:41,680] {standard_task_runner.py:77} INFO - Job 32: Subtask fetch_data
[2024-05-22 02:38:41,764] {logging_mixin.py:109} INFO - Running <TaskInstance: purpleair_api_dag.fetch_data manual__2024-05-22T02:38:40.463783+00:00 [running]> on host 8fe6997c1526
[2024-05-22 02:38:41,836] {taskinstance.py:1426} INFO - Exporting the following env vars:
AIRFLOW_CTX_DAG_OWNER=***
AIRFLOW_CTX_DAG_ID=purpleair_api_dag
AIRFLOW_CTX_TASK_ID=fetch_data
AIRFLOW_CTX_EXECUTION_DATE=2024-05-22T02:38:40.463783+00:00
AIRFLOW_CTX_DAG_RUN_ID=manual__2024-05-22T02:38:40.463783+00:00
[2024-05-22 02:38:41,839] {logging_mixin.py:109} INFO -  url is https://api.purpleair.com/v1/sensors?fields%3D=latitude%252C%2520longitude%252C%2520humidity%252C%2520pm2.5_60minute%252C%2520last_seen
[2024-05-22 02:38:41,840] {logging_mixin.py:109} INFO -  api is None
[2024-05-22 02:38:41,843] {logging_mixin.py:109} INFO - Full URL: https://api.purpleair.com/v1/sensors?fields%3D=latitude%252C%2520longitude%252C%2520humidity%252C%2520pm2.5_60minute%252C%2520last_seen
[2024-05-22 02:38:41,843] {logging_mixin.py:109} INFO - Headers: {'X-API-Key': 'None'}
[2024-05-22 02:38:41,893] {logging_mixin.py:109} INFO - Status Code: 403
[2024-05-22 02:38:41,896] {logging_mixin.py:109} INFO - Response Content: {
  "api_version" : "V1.0.13-0.0.56",
  "time_stamp" : 1716345521,
  "error" : "ApiKeyInvalidError",
  "description" : "The provided api_key was not valid."
}
[2024-05-22 02:38:41,938] {logging_mixin.py:109} INFO - Failed to retrieve data: 403
[2024-05-22 02:38:41,939] {python.py:175} INFO - Done. Returned value was: None
[2024-05-22 02:38:41,953] {taskinstance.py:1277} INFO - Marking task as SUCCESS. dag_id=purpleair_api_dag, task_id=fetch_data, execution_date=20240522T023840, start_date=20240522T023841, end_date=20240522T023841
[2024-05-22 02:38:42,009] {local_task_job.py:154} INFO - Task exited with return code 0
[2024-05-22 02:38:42,056] {local_task_job.py:264} INFO - 0 downstream tasks scheduled from follow-on schedule check
