[2024-05-22 07:16:18,273] {taskinstance.py:1032} INFO - Dependencies all met for <TaskInstance: purpleair_api_dag.fetch_data manual__2024-05-22T07:16:14.223381+00:00 [queued]>
[2024-05-22 07:16:18,398] {taskinstance.py:1032} INFO - Dependencies all met for <TaskInstance: purpleair_api_dag.fetch_data manual__2024-05-22T07:16:14.223381+00:00 [queued]>
[2024-05-22 07:16:18,412] {taskinstance.py:1238} INFO - 
--------------------------------------------------------------------------------
[2024-05-22 07:16:18,413] {taskinstance.py:1239} INFO - Starting attempt 1 of 2
[2024-05-22 07:16:18,414] {taskinstance.py:1240} INFO - 
--------------------------------------------------------------------------------
[2024-05-22 07:16:18,580] {taskinstance.py:1259} INFO - Executing <Task(PythonOperator): fetch_data> on 2024-05-22 07:16:14.223381+00:00
[2024-05-22 07:16:18,610] {standard_task_runner.py:52} INFO - Started process 1954 to run task
[2024-05-22 07:16:18,685] {standard_task_runner.py:76} INFO - Running: ['***', 'tasks', 'run', 'purpleair_api_dag', 'fetch_data', 'manual__2024-05-22T07:16:14.223381+00:00', '--job-id', '272', '--raw', '--subdir', 'DAGS_FOLDER/data_ingestion.py', '--cfg-path', '/tmp/tmp8u9s2kvj', '--error-file', '/tmp/tmppgu67op0']
[2024-05-22 07:16:18,732] {standard_task_runner.py:77} INFO - Job 272: Subtask fetch_data
[2024-05-22 07:16:19,153] {logging_mixin.py:109} INFO - Running <TaskInstance: purpleair_api_dag.fetch_data manual__2024-05-22T07:16:14.223381+00:00 [running]> on host 148b4063f71c
[2024-05-22 07:16:19,570] {taskinstance.py:1426} INFO - Exporting the following env vars:
AIRFLOW_CTX_DAG_OWNER=***
AIRFLOW_CTX_DAG_ID=purpleair_api_dag
AIRFLOW_CTX_TASK_ID=fetch_data
AIRFLOW_CTX_EXECUTION_DATE=2024-05-22T07:16:14.223381+00:00
AIRFLOW_CTX_DAG_RUN_ID=manual__2024-05-22T07:16:14.223381+00:00
[2024-05-22 07:16:19,667] {logging_mixin.py:109} INFO - Full URL: https://api.purpleair.com/v1/sensors?fields=latitude%2Clongitude%2Chumidity%2Cpm2.5_60minute%2Ctemperature&location_type=0&max_age=300
[2024-05-22 07:16:19,668] {logging_mixin.py:109} INFO - Headers: {'X-API-Key': '9A23CD90-1279-11EF-B9F7-42010A80000D'}
[2024-05-22 07:16:20,020] {logging_mixin.py:109} INFO - Status Code: 402
[2024-05-22 07:16:20,056] {logging_mixin.py:109} INFO - Response Content: {
  "api_version" : "V1.0.13-0.0.56",
  "time_stamp" : 1716362180,
  "error" : "PaymentRequiredError",
  "description" : "Payment is required to make this api call."
}
[2024-05-22 07:16:20,427] {logging_mixin.py:109} INFO - Failed to retrieve data: 402
[2024-05-22 07:16:20,429] {python.py:175} INFO - Done. Returned value was: None
[2024-05-22 07:16:20,561] {taskinstance.py:1277} INFO - Marking task as SUCCESS. dag_id=purpleair_api_dag, task_id=fetch_data, execution_date=20240522T071614, start_date=20240522T071618, end_date=20240522T071620
[2024-05-22 07:16:20,737] {local_task_job.py:154} INFO - Task exited with return code 0
[2024-05-22 07:16:21,544] {local_task_job.py:264} INFO - 0 downstream tasks scheduled from follow-on schedule check
