[2024-05-22 02:20:38,819] {taskinstance.py:1032} INFO - Dependencies all met for <TaskInstance: purpleair_api_dag.fetch_data scheduled__2024-05-21T20:00:00+00:00 [queued]>
[2024-05-22 02:20:39,038] {taskinstance.py:1032} INFO - Dependencies all met for <TaskInstance: purpleair_api_dag.fetch_data scheduled__2024-05-21T20:00:00+00:00 [queued]>
[2024-05-22 02:20:39,039] {taskinstance.py:1238} INFO - 
--------------------------------------------------------------------------------
[2024-05-22 02:20:39,039] {taskinstance.py:1239} INFO - Starting attempt 1 of 2
[2024-05-22 02:20:39,040] {taskinstance.py:1240} INFO - 
--------------------------------------------------------------------------------
[2024-05-22 02:20:39,494] {taskinstance.py:1259} INFO - Executing <Task(PythonOperator): fetch_data> on 2024-05-21 20:00:00+00:00
[2024-05-22 02:20:39,544] {standard_task_runner.py:52} INFO - Started process 2404 to run task
[2024-05-22 02:20:39,619] {standard_task_runner.py:76} INFO - Running: ['***', 'tasks', 'run', 'purpleair_api_dag', 'fetch_data', 'scheduled__2024-05-21T20:00:00+00:00', '--job-id', '22', '--raw', '--subdir', 'DAGS_FOLDER/data_ingestion.py', '--cfg-path', '/tmp/tmpg47cilsb', '--error-file', '/tmp/tmp_gwqe9op']
[2024-05-22 02:20:39,783] {standard_task_runner.py:77} INFO - Job 22: Subtask fetch_data
[2024-05-22 02:20:40,653] {logging_mixin.py:109} INFO - Running <TaskInstance: purpleair_api_dag.fetch_data scheduled__2024-05-21T20:00:00+00:00 [running]> on host 8fe6997c1526
[2024-05-22 02:20:41,319] {taskinstance.py:1426} INFO - Exporting the following env vars:
AIRFLOW_CTX_DAG_OWNER=***
AIRFLOW_CTX_DAG_ID=purpleair_api_dag
AIRFLOW_CTX_TASK_ID=fetch_data
AIRFLOW_CTX_EXECUTION_DATE=2024-05-21T20:00:00+00:00
AIRFLOW_CTX_DAG_RUN_ID=scheduled__2024-05-21T20:00:00+00:00
[2024-05-22 02:20:41,742] {logging_mixin.py:109} INFO - Failed to retrieve data: 403
[2024-05-22 02:20:41,759] {python.py:175} INFO - Done. Returned value was: None
[2024-05-22 02:20:41,981] {taskinstance.py:1277} INFO - Marking task as SUCCESS. dag_id=purpleair_api_dag, task_id=fetch_data, execution_date=20240521T200000, start_date=20240522T022038, end_date=20240522T022041
[2024-05-22 02:20:42,290] {local_task_job.py:154} INFO - Task exited with return code 0
[2024-05-22 02:20:42,553] {local_task_job.py:264} INFO - 0 downstream tasks scheduled from follow-on schedule check
[2024-05-22 04:17:54,437] {taskinstance.py:1032} INFO - Dependencies all met for <TaskInstance: purpleair_api_dag.fetch_data scheduled__2024-05-21T20:00:00+00:00 [queued]>
[2024-05-22 04:17:54,509] {taskinstance.py:1032} INFO - Dependencies all met for <TaskInstance: purpleair_api_dag.fetch_data scheduled__2024-05-21T20:00:00+00:00 [queued]>
[2024-05-22 04:17:54,510] {taskinstance.py:1238} INFO - 
--------------------------------------------------------------------------------
[2024-05-22 04:17:54,510] {taskinstance.py:1239} INFO - Starting attempt 1 of 2
[2024-05-22 04:17:54,510] {taskinstance.py:1240} INFO - 
--------------------------------------------------------------------------------
[2024-05-22 04:17:54,617] {taskinstance.py:1259} INFO - Executing <Task(PythonOperator): fetch_data> on 2024-05-21 20:00:00+00:00
[2024-05-22 04:17:54,664] {standard_task_runner.py:52} INFO - Started process 385 to run task
[2024-05-22 04:17:54,676] {standard_task_runner.py:76} INFO - Running: ['***', 'tasks', 'run', 'purpleair_api_dag', 'fetch_data', 'scheduled__2024-05-21T20:00:00+00:00', '--job-id', '40', '--raw', '--subdir', 'DAGS_FOLDER/data_ingestion.py', '--cfg-path', '/tmp/tmptrtb72ny', '--error-file', '/tmp/tmp02h88mjd']
[2024-05-22 04:17:54,700] {standard_task_runner.py:77} INFO - Job 40: Subtask fetch_data
[2024-05-22 04:17:55,010] {logging_mixin.py:109} INFO - Running <TaskInstance: purpleair_api_dag.fetch_data scheduled__2024-05-21T20:00:00+00:00 [running]> on host 3419eee920a5
[2024-05-22 04:17:55,316] {taskinstance.py:1426} INFO - Exporting the following env vars:
AIRFLOW_CTX_DAG_OWNER=***
AIRFLOW_CTX_DAG_ID=purpleair_api_dag
AIRFLOW_CTX_TASK_ID=fetch_data
AIRFLOW_CTX_EXECUTION_DATE=2024-05-21T20:00:00+00:00
AIRFLOW_CTX_DAG_RUN_ID=scheduled__2024-05-21T20:00:00+00:00
[2024-05-22 04:17:55,324] {logging_mixin.py:109} INFO -  api is None
[2024-05-22 04:17:55,347] {logging_mixin.py:109} INFO - Full URL: https://api.purpleair.com/v1/sensors?fields=latitude%2Clongitude%2Chumidity%2Cpm2.5_60minute%2Clast_seen&location_type=0&max_age=300
[2024-05-22 04:17:55,349] {logging_mixin.py:109} INFO - Headers: {'X-API-Key': 'None'}
[2024-05-22 04:17:55,508] {logging_mixin.py:109} INFO - Status Code: 403
[2024-05-22 04:17:55,509] {logging_mixin.py:109} INFO - Response Content: {
  "api_version" : "V1.0.13-0.0.56",
  "time_stamp" : 1716351475,
  "error" : "ApiKeyInvalidError",
  "description" : "The provided api_key was not valid."
}
[2024-05-22 04:17:55,655] {logging_mixin.py:109} INFO - Failed to retrieve data: 403
[2024-05-22 04:17:55,664] {python.py:175} INFO - Done. Returned value was: None
[2024-05-22 04:17:55,698] {taskinstance.py:1277} INFO - Marking task as SUCCESS. dag_id=purpleair_api_dag, task_id=fetch_data, execution_date=20240521T200000, start_date=20240522T041754, end_date=20240522T041755
[2024-05-22 04:17:55,767] {local_task_job.py:154} INFO - Task exited with return code 0
[2024-05-22 04:17:55,865] {local_task_job.py:264} INFO - 0 downstream tasks scheduled from follow-on schedule check
