[2024-06-03 01:56:12,824] {taskinstance.py:1032} INFO - Dependencies all met for <TaskInstance: purpleair_api_dag.fetch_data manual__2024-06-03T01:55:54.148016+00:00 [queued]>
[2024-06-03 01:56:13,037] {taskinstance.py:1032} INFO - Dependencies all met for <TaskInstance: purpleair_api_dag.fetch_data manual__2024-06-03T01:55:54.148016+00:00 [queued]>
[2024-06-03 01:56:13,037] {taskinstance.py:1238} INFO - 
--------------------------------------------------------------------------------
[2024-06-03 01:56:13,038] {taskinstance.py:1239} INFO - Starting attempt 1 of 2
[2024-06-03 01:56:13,038] {taskinstance.py:1240} INFO - 
--------------------------------------------------------------------------------
[2024-06-03 01:56:13,194] {taskinstance.py:1259} INFO - Executing <Task(PythonOperator): fetch_data> on 2024-06-03 01:55:54.148016+00:00
[2024-06-03 01:56:13,280] {standard_task_runner.py:52} INFO - Started process 157 to run task
[2024-06-03 01:56:13,434] {standard_task_runner.py:76} INFO - Running: ['***', 'tasks', 'run', 'purpleair_api_dag', 'fetch_data', 'manual__2024-06-03T01:55:54.148016+00:00', '--job-id', '6', '--raw', '--subdir', 'DAGS_FOLDER/data_ingestion.py', '--cfg-path', '/tmp/tmp6mweg2m3', '--error-file', '/tmp/tmp2xj3w5ym']
[2024-06-03 01:56:13,528] {standard_task_runner.py:77} INFO - Job 6: Subtask fetch_data
[2024-06-03 01:56:14,132] {logging_mixin.py:109} INFO - Running <TaskInstance: purpleair_api_dag.fetch_data manual__2024-06-03T01:55:54.148016+00:00 [running]> on host 4f5221a69661
[2024-06-03 01:56:14,583] {taskinstance.py:1426} INFO - Exporting the following env vars:
AIRFLOW_CTX_DAG_OWNER=***
AIRFLOW_CTX_DAG_ID=purpleair_api_dag
AIRFLOW_CTX_TASK_ID=fetch_data
AIRFLOW_CTX_EXECUTION_DATE=2024-06-03T01:55:54.148016+00:00
AIRFLOW_CTX_DAG_RUN_ID=manual__2024-06-03T01:55:54.148016+00:00
[2024-06-03 01:56:14,675] {logging_mixin.py:109} INFO - Full URL: https://api.purpleair.com/v1/sensors?fields=latitude%2Clongitude%2Chumidity%2Cpm2.5_60minute%2Ctemperature&location_type=0&max_age=300
[2024-06-03 01:56:14,693] {logging_mixin.py:109} INFO - Headers: {'X-API-Key': '9A23CD90-1279-11EF-B9F7-42010A80000D'}
[2024-06-03 01:56:14,983] {logging_mixin.py:109} INFO - Status Code: 402
[2024-06-03 01:56:14,985] {logging_mixin.py:109} INFO - Response Content: {
  "api_version" : "V1.0.13-0.0.57",
  "time_stamp" : 1717379774,
  "error" : "RateLimitExceededError",
  "description" : "Available API call limit exceeded, please try later."
}{
  "api_version" : "V1.0.13-0.0.57",
  "time_stamp" : 1717379774,
  "error" : "PaymentRequiredError",
  "description" : "Payment is required to make this api call."
}
[2024-06-03 01:56:25,557] {logging_mixin.py:109} INFO - Failed to retrieve data: 500
[2024-06-03 01:56:25,558] {python.py:175} INFO - Done. Returned value was: None
[2024-06-03 01:56:25,612] {taskinstance.py:1277} INFO - Marking task as SUCCESS. dag_id=purpleair_api_dag, task_id=fetch_data, execution_date=20240603T015554, start_date=20240603T015612, end_date=20240603T015625
[2024-06-03 01:56:25,851] {local_task_job.py:154} INFO - Task exited with return code 0
[2024-06-03 01:56:26,228] {local_task_job.py:264} INFO - 1 downstream tasks scheduled from follow-on schedule check
