[2024-05-22 07:33:03,248] {taskinstance.py:1032} INFO - Dependencies all met for <TaskInstance: purpleair_api_dag.fetch_data manual__2024-05-22T07:32:52.875621+00:00 [queued]>
[2024-05-22 07:33:03,389] {taskinstance.py:1032} INFO - Dependencies all met for <TaskInstance: purpleair_api_dag.fetch_data manual__2024-05-22T07:32:52.875621+00:00 [queued]>
[2024-05-22 07:33:03,392] {taskinstance.py:1238} INFO - 
--------------------------------------------------------------------------------
[2024-05-22 07:33:03,395] {taskinstance.py:1239} INFO - Starting attempt 1 of 2
[2024-05-22 07:33:03,396] {taskinstance.py:1240} INFO - 
--------------------------------------------------------------------------------
[2024-05-22 07:33:03,455] {taskinstance.py:1259} INFO - Executing <Task(PythonOperator): fetch_data> on 2024-05-22 07:32:52.875621+00:00
[2024-05-22 07:33:03,491] {standard_task_runner.py:52} INFO - Started process 2973 to run task
[2024-05-22 07:33:03,542] {standard_task_runner.py:76} INFO - Running: ['***', 'tasks', 'run', 'purpleair_api_dag', 'fetch_data', 'manual__2024-05-22T07:32:52.875621+00:00', '--job-id', '401', '--raw', '--subdir', 'DAGS_FOLDER/data_ingestion.py', '--cfg-path', '/tmp/tmpefnupcem', '--error-file', '/tmp/tmpmxna4bqz']
[2024-05-22 07:33:03,584] {standard_task_runner.py:77} INFO - Job 401: Subtask fetch_data
[2024-05-22 07:33:03,845] {logging_mixin.py:109} INFO - Running <TaskInstance: purpleair_api_dag.fetch_data manual__2024-05-22T07:32:52.875621+00:00 [running]> on host 148b4063f71c
[2024-05-22 07:33:04,028] {taskinstance.py:1426} INFO - Exporting the following env vars:
AIRFLOW_CTX_DAG_OWNER=***
AIRFLOW_CTX_DAG_ID=purpleair_api_dag
AIRFLOW_CTX_TASK_ID=fetch_data
AIRFLOW_CTX_EXECUTION_DATE=2024-05-22T07:32:52.875621+00:00
AIRFLOW_CTX_DAG_RUN_ID=manual__2024-05-22T07:32:52.875621+00:00
[2024-05-22 07:33:04,038] {logging_mixin.py:109} INFO - Full URL: https://api.purpleair.com/v1/sensors?fields=latitude%2Clongitude%2Chumidity%2Cpm2.5_60minute%2Ctemperature&location_type=0&max_age=300
[2024-05-22 07:33:04,040] {logging_mixin.py:109} INFO - Headers: {'X-API-Key': '9A23CD90-1279-11EF-B9F7-42010A80000D'}
[2024-05-22 07:33:04,334] {logging_mixin.py:109} INFO - Status Code: 402
[2024-05-22 07:33:04,335] {logging_mixin.py:109} INFO - Response Content: {
  "api_version" : "V1.0.13-0.0.56",
  "time_stamp" : 1716363184,
  "error" : "PaymentRequiredError",
  "description" : "Payment is required to make this api call."
}
[2024-05-22 07:33:04,628] {logging_mixin.py:109} INFO - Failed to retrieve data: 402
[2024-05-22 07:33:04,629] {python.py:175} INFO - Done. Returned value was: None
[2024-05-22 07:33:04,855] {taskinstance.py:1277} INFO - Marking task as SUCCESS. dag_id=purpleair_api_dag, task_id=fetch_data, execution_date=20240522T073252, start_date=20240522T073303, end_date=20240522T073304
[2024-05-22 07:33:05,020] {local_task_job.py:154} INFO - Task exited with return code 0
[2024-05-22 07:33:05,205] {local_task_job.py:264} INFO - 1 downstream tasks scheduled from follow-on schedule check
