[2024-05-22 07:05:11,521] {taskinstance.py:1032} INFO - Dependencies all met for <TaskInstance: purpleair_api_dag.fetch_data scheduled__2024-05-22T06:00:00+00:00 [queued]>
[2024-05-22 07:05:11,669] {taskinstance.py:1032} INFO - Dependencies all met for <TaskInstance: purpleair_api_dag.fetch_data scheduled__2024-05-22T06:00:00+00:00 [queued]>
[2024-05-22 07:05:11,680] {taskinstance.py:1238} INFO - 
--------------------------------------------------------------------------------
[2024-05-22 07:05:11,681] {taskinstance.py:1239} INFO - Starting attempt 1 of 2
[2024-05-22 07:05:11,681] {taskinstance.py:1240} INFO - 
--------------------------------------------------------------------------------
[2024-05-22 07:05:11,796] {taskinstance.py:1259} INFO - Executing <Task(PythonOperator): fetch_data> on 2024-05-22 06:00:00+00:00
[2024-05-22 07:05:11,925] {standard_task_runner.py:76} INFO - Running: ['***', 'tasks', 'run', 'purpleair_api_dag', 'fetch_data', 'scheduled__2024-05-22T06:00:00+00:00', '--job-id', '148', '--raw', '--subdir', 'DAGS_FOLDER/data_ingestion.py', '--cfg-path', '/tmp/tmpyljg0mdn', '--error-file', '/tmp/tmp992j1i14']
[2024-05-22 07:05:11,996] {standard_task_runner.py:77} INFO - Job 148: Subtask fetch_data
[2024-05-22 07:05:11,859] {standard_task_runner.py:52} INFO - Started process 1162 to run task
[2024-05-22 07:05:12,700] {logging_mixin.py:109} INFO - Running <TaskInstance: purpleair_api_dag.fetch_data scheduled__2024-05-22T06:00:00+00:00 [running]> on host 148b4063f71c
[2024-05-22 07:05:13,325] {taskinstance.py:1426} INFO - Exporting the following env vars:
AIRFLOW_CTX_DAG_OWNER=***
AIRFLOW_CTX_DAG_ID=purpleair_api_dag
AIRFLOW_CTX_TASK_ID=fetch_data
AIRFLOW_CTX_EXECUTION_DATE=2024-05-22T06:00:00+00:00
AIRFLOW_CTX_DAG_RUN_ID=scheduled__2024-05-22T06:00:00+00:00
[2024-05-22 07:05:13,414] {logging_mixin.py:109} INFO - Full URL: https://api.purpleair.com/v1/sensors?fields=latitude%2Clongitude%2Chumidity%2Cpm2.5_60minute%2Ctemperature&location_type=0&max_age=300
[2024-05-22 07:05:13,444] {logging_mixin.py:109} INFO - Headers: {'X-API-Key': '9A23CD90-1279-11EF-B9F7-42010A80000D'}
[2024-05-22 07:05:13,720] {logging_mixin.py:109} INFO - Status Code: 402
[2024-05-22 07:05:13,788] {logging_mixin.py:109} INFO - Response Content: {
  "api_version" : "V1.0.13-0.0.56",
  "time_stamp" : 1716361513,
  "error" : "PaymentRequiredError",
  "description" : "Payment is required to make this api call."
}
[2024-05-22 07:05:14,155] {logging_mixin.py:109} INFO - Failed to retrieve data: 402
[2024-05-22 07:05:14,156] {python.py:175} INFO - Done. Returned value was: None
[2024-05-22 07:05:14,209] {taskinstance.py:1277} INFO - Marking task as SUCCESS. dag_id=purpleair_api_dag, task_id=fetch_data, execution_date=20240522T060000, start_date=20240522T070511, end_date=20240522T070514
[2024-05-22 07:05:14,357] {local_task_job.py:154} INFO - Task exited with return code 0
[2024-05-22 07:05:15,068] {local_task_job.py:264} INFO - 0 downstream tasks scheduled from follow-on schedule check
[2024-05-22 07:13:00,468] {taskinstance.py:1032} INFO - Dependencies all met for <TaskInstance: purpleair_api_dag.fetch_data scheduled__2024-05-22T06:00:00+00:00 [queued]>
[2024-05-22 07:13:00,655] {taskinstance.py:1032} INFO - Dependencies all met for <TaskInstance: purpleair_api_dag.fetch_data scheduled__2024-05-22T06:00:00+00:00 [queued]>
[2024-05-22 07:13:00,655] {taskinstance.py:1238} INFO - 
--------------------------------------------------------------------------------
[2024-05-22 07:13:00,655] {taskinstance.py:1239} INFO - Starting attempt 1 of 2
[2024-05-22 07:13:00,655] {taskinstance.py:1240} INFO - 
--------------------------------------------------------------------------------
[2024-05-22 07:13:00,785] {taskinstance.py:1259} INFO - Executing <Task(PythonOperator): fetch_data> on 2024-05-22 06:00:00+00:00
[2024-05-22 07:13:00,815] {standard_task_runner.py:52} INFO - Started process 1689 to run task
[2024-05-22 07:13:00,866] {standard_task_runner.py:76} INFO - Running: ['***', 'tasks', 'run', 'purpleair_api_dag', 'fetch_data', 'scheduled__2024-05-22T06:00:00+00:00', '--job-id', '227', '--raw', '--subdir', 'DAGS_FOLDER/data_ingestion.py', '--cfg-path', '/tmp/tmpviyw1v0k', '--error-file', '/tmp/tmp5ic5r9ed']
[2024-05-22 07:13:00,938] {standard_task_runner.py:77} INFO - Job 227: Subtask fetch_data
[2024-05-22 07:13:01,664] {logging_mixin.py:109} INFO - Running <TaskInstance: purpleair_api_dag.fetch_data scheduled__2024-05-22T06:00:00+00:00 [running]> on host 148b4063f71c
[2024-05-22 07:13:02,251] {taskinstance.py:1426} INFO - Exporting the following env vars:
AIRFLOW_CTX_DAG_OWNER=***
AIRFLOW_CTX_DAG_ID=purpleair_api_dag
AIRFLOW_CTX_TASK_ID=fetch_data
AIRFLOW_CTX_EXECUTION_DATE=2024-05-22T06:00:00+00:00
AIRFLOW_CTX_DAG_RUN_ID=scheduled__2024-05-22T06:00:00+00:00
[2024-05-22 07:13:02,264] {logging_mixin.py:109} INFO - Full URL: https://api.purpleair.com/v1/sensors?fields=latitude%2Clongitude%2Chumidity%2Cpm2.5_60minute%2Ctemperature&location_type=0&max_age=300
[2024-05-22 07:13:02,265] {logging_mixin.py:109} INFO - Headers: {'X-API-Key': '9A23CD90-1279-11EF-B9F7-42010A80000D'}
[2024-05-22 07:13:02,559] {logging_mixin.py:109} INFO - Status Code: 402
[2024-05-22 07:13:02,577] {logging_mixin.py:109} INFO - Response Content: {
  "api_version" : "V1.0.13-0.0.56",
  "time_stamp" : 1716361982,
  "error" : "PaymentRequiredError",
  "description" : "Payment is required to make this api call."
}
[2024-05-22 07:13:02,747] {logging_mixin.py:109} INFO - Failed to retrieve data: 402
[2024-05-22 07:13:02,748] {python.py:175} INFO - Done. Returned value was: None
[2024-05-22 07:13:02,826] {taskinstance.py:1277} INFO - Marking task as SUCCESS. dag_id=purpleair_api_dag, task_id=fetch_data, execution_date=20240522T060000, start_date=20240522T071300, end_date=20240522T071302
[2024-05-22 07:13:03,026] {local_task_job.py:154} INFO - Task exited with return code 0
[2024-05-22 07:13:03,633] {local_task_job.py:264} INFO - 0 downstream tasks scheduled from follow-on schedule check
[2024-05-22 07:22:37,178] {taskinstance.py:1032} INFO - Dependencies all met for <TaskInstance: purpleair_api_dag.fetch_data scheduled__2024-05-22T06:00:00+00:00 [queued]>
[2024-05-22 07:22:37,295] {taskinstance.py:1032} INFO - Dependencies all met for <TaskInstance: purpleair_api_dag.fetch_data scheduled__2024-05-22T06:00:00+00:00 [queued]>
[2024-05-22 07:22:37,300] {taskinstance.py:1238} INFO - 
--------------------------------------------------------------------------------
[2024-05-22 07:22:37,304] {taskinstance.py:1239} INFO - Starting attempt 1 of 2
[2024-05-22 07:22:37,305] {taskinstance.py:1240} INFO - 
--------------------------------------------------------------------------------
[2024-05-22 07:22:37,396] {taskinstance.py:1259} INFO - Executing <Task(PythonOperator): fetch_data> on 2024-05-22 06:00:00+00:00
[2024-05-22 07:22:37,431] {standard_task_runner.py:52} INFO - Started process 2381 to run task
[2024-05-22 07:22:37,486] {standard_task_runner.py:76} INFO - Running: ['***', 'tasks', 'run', 'purpleair_api_dag', 'fetch_data', 'scheduled__2024-05-22T06:00:00+00:00', '--job-id', '337', '--raw', '--subdir', 'DAGS_FOLDER/data_ingestion.py', '--cfg-path', '/tmp/tmpbo04nscu', '--error-file', '/tmp/tmpsizf38ff']
[2024-05-22 07:22:37,582] {standard_task_runner.py:77} INFO - Job 337: Subtask fetch_data
[2024-05-22 07:22:38,139] {logging_mixin.py:109} INFO - Running <TaskInstance: purpleair_api_dag.fetch_data scheduled__2024-05-22T06:00:00+00:00 [running]> on host 148b4063f71c
[2024-05-22 07:22:38,665] {taskinstance.py:1426} INFO - Exporting the following env vars:
AIRFLOW_CTX_DAG_OWNER=***
AIRFLOW_CTX_DAG_ID=purpleair_api_dag
AIRFLOW_CTX_TASK_ID=fetch_data
AIRFLOW_CTX_EXECUTION_DATE=2024-05-22T06:00:00+00:00
AIRFLOW_CTX_DAG_RUN_ID=scheduled__2024-05-22T06:00:00+00:00
[2024-05-22 07:22:38,711] {logging_mixin.py:109} INFO - Full URL: https://api.purpleair.com/v1/sensors?fields=latitude%2Clongitude%2Chumidity%2Cpm2.5_60minute%2Ctemperature&location_type=0&max_age=300
[2024-05-22 07:22:38,721] {logging_mixin.py:109} INFO - Headers: {'X-API-Key': '9A23CD90-1279-11EF-B9F7-42010A80000D'}
[2024-05-22 07:22:39,093] {logging_mixin.py:109} INFO - Status Code: 402
[2024-05-22 07:22:39,094] {logging_mixin.py:109} INFO - Response Content: {
  "api_version" : "V1.0.13-0.0.56",
  "time_stamp" : 1716362559,
  "error" : "PaymentRequiredError",
  "description" : "Payment is required to make this api call."
}
[2024-05-22 07:22:39,286] {logging_mixin.py:109} INFO - Failed to retrieve data: 402
[2024-05-22 07:22:39,287] {python.py:175} INFO - Done. Returned value was: None
[2024-05-22 07:22:39,339] {taskinstance.py:1277} INFO - Marking task as SUCCESS. dag_id=purpleair_api_dag, task_id=fetch_data, execution_date=20240522T060000, start_date=20240522T072237, end_date=20240522T072239
[2024-05-22 07:22:39,440] {local_task_job.py:154} INFO - Task exited with return code 0
[2024-05-22 07:22:39,643] {local_task_job.py:264} INFO - 1 downstream tasks scheduled from follow-on schedule check
