[2024-06-03 02:02:04,352] {taskinstance.py:1032} INFO - Dependencies all met for <TaskInstance: purpleair_api_dag.fetch_data scheduled__2024-06-02T18:00:00+00:00 [queued]>
[2024-06-03 02:02:04,490] {taskinstance.py:1032} INFO - Dependencies all met for <TaskInstance: purpleair_api_dag.fetch_data scheduled__2024-06-02T18:00:00+00:00 [queued]>
[2024-06-03 02:02:04,490] {taskinstance.py:1238} INFO - 
--------------------------------------------------------------------------------
[2024-06-03 02:02:04,491] {taskinstance.py:1239} INFO - Starting attempt 1 of 2
[2024-06-03 02:02:04,491] {taskinstance.py:1240} INFO - 
--------------------------------------------------------------------------------
[2024-06-03 02:02:04,549] {taskinstance.py:1259} INFO - Executing <Task(PythonOperator): fetch_data> on 2024-06-02 18:00:00+00:00
[2024-06-03 02:02:04,568] {standard_task_runner.py:52} INFO - Started process 521 to run task
[2024-06-03 02:02:04,622] {standard_task_runner.py:76} INFO - Running: ['***', 'tasks', 'run', 'purpleair_api_dag', 'fetch_data', 'scheduled__2024-06-02T18:00:00+00:00', '--job-id', '55', '--raw', '--subdir', 'DAGS_FOLDER/data_ingestion.py', '--cfg-path', '/tmp/tmpensau86z', '--error-file', '/tmp/tmpo9cshrmk']
[2024-06-03 02:02:04,680] {standard_task_runner.py:77} INFO - Job 55: Subtask fetch_data
[2024-06-03 02:02:05,219] {logging_mixin.py:109} INFO - Running <TaskInstance: purpleair_api_dag.fetch_data scheduled__2024-06-02T18:00:00+00:00 [running]> on host 4f5221a69661
[2024-06-03 02:02:05,530] {taskinstance.py:1426} INFO - Exporting the following env vars:
AIRFLOW_CTX_DAG_OWNER=***
AIRFLOW_CTX_DAG_ID=purpleair_api_dag
AIRFLOW_CTX_TASK_ID=fetch_data
AIRFLOW_CTX_EXECUTION_DATE=2024-06-02T18:00:00+00:00
AIRFLOW_CTX_DAG_RUN_ID=scheduled__2024-06-02T18:00:00+00:00
[2024-06-03 02:02:05,539] {logging_mixin.py:109} INFO - Full URL: https://api.purpleair.com/v1/sensors?fields=latitude%2Clongitude%2Chumidity%2Cpm2.5_60minute%2Ctemperature&location_type=0&max_age=300
[2024-06-03 02:02:05,542] {logging_mixin.py:109} INFO - Headers: {'X-API-Key': '9A23CD90-1279-11EF-B9F7-42010A80000D'}
[2024-06-03 02:02:05,700] {logging_mixin.py:109} INFO - Status Code: 402
[2024-06-03 02:02:05,706] {logging_mixin.py:109} INFO - Response Content: {
  "api_version" : "V1.0.13-0.0.57",
  "time_stamp" : 1717380125,
  "error" : "PaymentRequiredError",
  "description" : "Payment is required to make this api call."
}
[2024-06-03 02:02:05,849] {logging_mixin.py:109} INFO - Failed to retrieve data: 402
[2024-06-03 02:02:05,850] {python.py:175} INFO - Done. Returned value was: None
[2024-06-03 02:02:05,884] {taskinstance.py:1277} INFO - Marking task as SUCCESS. dag_id=purpleair_api_dag, task_id=fetch_data, execution_date=20240602T180000, start_date=20240603T020204, end_date=20240603T020205
[2024-06-03 02:02:06,033] {local_task_job.py:154} INFO - Task exited with return code 0
[2024-06-03 02:02:06,119] {local_task_job.py:264} INFO - 1 downstream tasks scheduled from follow-on schedule check
