[2024-05-22 02:20:21,219] {taskinstance.py:1032} INFO - Dependencies all met for <TaskInstance: purpleair_api_dag.fetch_data scheduled__2024-05-21T02:00:00+00:00 [queued]>
[2024-05-22 02:20:21,440] {taskinstance.py:1032} INFO - Dependencies all met for <TaskInstance: purpleair_api_dag.fetch_data scheduled__2024-05-21T02:00:00+00:00 [queued]>
[2024-05-22 02:20:21,441] {taskinstance.py:1238} INFO - 
--------------------------------------------------------------------------------
[2024-05-22 02:20:21,441] {taskinstance.py:1239} INFO - Starting attempt 1 of 2
[2024-05-22 02:20:21,441] {taskinstance.py:1240} INFO - 
--------------------------------------------------------------------------------
[2024-05-22 02:20:21,532] {taskinstance.py:1259} INFO - Executing <Task(PythonOperator): fetch_data> on 2024-05-21 02:00:00+00:00
[2024-05-22 02:20:21,592] {standard_task_runner.py:52} INFO - Started process 2350 to run task
[2024-05-22 02:20:21,653] {standard_task_runner.py:76} INFO - Running: ['***', 'tasks', 'run', 'purpleair_api_dag', 'fetch_data', 'scheduled__2024-05-21T02:00:00+00:00', '--job-id', '3', '--raw', '--subdir', 'DAGS_FOLDER/data_ingestion.py', '--cfg-path', '/tmp/tmprows1nec', '--error-file', '/tmp/tmpvuez90q3']
[2024-05-22 02:20:21,712] {standard_task_runner.py:77} INFO - Job 3: Subtask fetch_data
[2024-05-22 02:20:22,280] {logging_mixin.py:109} INFO - Running <TaskInstance: purpleair_api_dag.fetch_data scheduled__2024-05-21T02:00:00+00:00 [running]> on host 8fe6997c1526
[2024-05-22 02:20:23,948] {taskinstance.py:1426} INFO - Exporting the following env vars:
AIRFLOW_CTX_DAG_OWNER=***
AIRFLOW_CTX_DAG_ID=purpleair_api_dag
AIRFLOW_CTX_TASK_ID=fetch_data
AIRFLOW_CTX_EXECUTION_DATE=2024-05-21T02:00:00+00:00
AIRFLOW_CTX_DAG_RUN_ID=scheduled__2024-05-21T02:00:00+00:00
[2024-05-22 02:20:24,105] {logging_mixin.py:109} INFO - Failed to retrieve data: 403
[2024-05-22 02:20:24,106] {python.py:175} INFO - Done. Returned value was: None
[2024-05-22 02:20:24,139] {taskinstance.py:1277} INFO - Marking task as SUCCESS. dag_id=purpleair_api_dag, task_id=fetch_data, execution_date=20240521T020000, start_date=20240522T022021, end_date=20240522T022024
[2024-05-22 02:20:24,310] {local_task_job.py:154} INFO - Task exited with return code 0
[2024-05-22 02:20:24,544] {local_task_job.py:264} INFO - 0 downstream tasks scheduled from follow-on schedule check
[2024-05-22 04:14:08,150] {taskinstance.py:1032} INFO - Dependencies all met for <TaskInstance: purpleair_api_dag.fetch_data scheduled__2024-05-21T02:00:00+00:00 [queued]>
[2024-05-22 04:14:08,201] {taskinstance.py:1032} INFO - Dependencies all met for <TaskInstance: purpleair_api_dag.fetch_data scheduled__2024-05-21T02:00:00+00:00 [queued]>
[2024-05-22 04:14:08,202] {taskinstance.py:1238} INFO - 
--------------------------------------------------------------------------------
[2024-05-22 04:14:08,203] {taskinstance.py:1239} INFO - Starting attempt 1 of 2
[2024-05-22 04:14:08,203] {taskinstance.py:1240} INFO - 
--------------------------------------------------------------------------------
[2024-05-22 04:14:08,290] {taskinstance.py:1259} INFO - Executing <Task(PythonOperator): fetch_data> on 2024-05-21 02:00:00+00:00
[2024-05-22 04:14:08,361] {standard_task_runner.py:52} INFO - Started process 131 to run task
[2024-05-22 04:14:08,435] {standard_task_runner.py:76} INFO - Running: ['***', 'tasks', 'run', 'purpleair_api_dag', 'fetch_data', 'scheduled__2024-05-21T02:00:00+00:00', '--job-id', '5', '--raw', '--subdir', 'DAGS_FOLDER/data_ingestion.py', '--cfg-path', '/tmp/tmp2eng5iaf', '--error-file', '/tmp/tmpkd7ewf4f']
[2024-05-22 04:14:08,484] {standard_task_runner.py:77} INFO - Job 5: Subtask fetch_data
[2024-05-22 04:14:08,770] {logging_mixin.py:109} INFO - Running <TaskInstance: purpleair_api_dag.fetch_data scheduled__2024-05-21T02:00:00+00:00 [running]> on host 3419eee920a5
[2024-05-22 04:14:09,199] {taskinstance.py:1426} INFO - Exporting the following env vars:
AIRFLOW_CTX_DAG_OWNER=***
AIRFLOW_CTX_DAG_ID=purpleair_api_dag
AIRFLOW_CTX_TASK_ID=fetch_data
AIRFLOW_CTX_EXECUTION_DATE=2024-05-21T02:00:00+00:00
AIRFLOW_CTX_DAG_RUN_ID=scheduled__2024-05-21T02:00:00+00:00
[2024-05-22 04:14:09,215] {taskinstance.py:1700} ERROR - Task failed with exception
Traceback (most recent call last):
  File "/home/airflow/.local/lib/python3.6/site-packages/airflow/models/taskinstance.py", line 1329, in _run_raw_task
    self._execute_task_with_callbacks(context)
  File "/home/airflow/.local/lib/python3.6/site-packages/airflow/models/taskinstance.py", line 1455, in _execute_task_with_callbacks
    result = self._execute_task(context, self.task)
  File "/home/airflow/.local/lib/python3.6/site-packages/airflow/models/taskinstance.py", line 1511, in _execute_task
    result = execute_callable(context=context)
  File "/home/airflow/.local/lib/python3.6/site-packages/airflow/operators/python.py", line 174, in execute
    return_value = self.execute_callable()
  File "/home/airflow/.local/lib/python3.6/site-packages/airflow/operators/python.py", line 185, in execute_callable
    return self.python_callable(*self.op_args, **self.op_kwargs)
  File "/opt/airflow/dags/data_ingestion.py", line 67, in api_url
    print(f" url is {url}")
NameError: name 'url' is not defined
[2024-05-22 04:14:09,351] {taskinstance.py:1277} INFO - Marking task as UP_FOR_RETRY. dag_id=purpleair_api_dag, task_id=fetch_data, execution_date=20240521T020000, start_date=20240522T041408, end_date=20240522T041409
[2024-05-22 04:14:09,538] {standard_task_runner.py:92} ERROR - Failed to execute job 5 for task fetch_data
Traceback (most recent call last):
  File "/home/airflow/.local/lib/python3.6/site-packages/airflow/task/task_runner/standard_task_runner.py", line 85, in _start_by_fork
    args.func(args, dag=self.dag)
  File "/home/airflow/.local/lib/python3.6/site-packages/airflow/cli/cli_parser.py", line 48, in command
    return func(*args, **kwargs)
  File "/home/airflow/.local/lib/python3.6/site-packages/airflow/utils/cli.py", line 92, in wrapper
    return f(*args, **kwargs)
  File "/home/airflow/.local/lib/python3.6/site-packages/airflow/cli/commands/task_command.py", line 298, in task_run
    _run_task_by_selected_method(args, dag, ti)
  File "/home/airflow/.local/lib/python3.6/site-packages/airflow/cli/commands/task_command.py", line 107, in _run_task_by_selected_method
    _run_raw_task(args, ti)
  File "/home/airflow/.local/lib/python3.6/site-packages/airflow/cli/commands/task_command.py", line 184, in _run_raw_task
    error_file=args.error_file,
  File "/home/airflow/.local/lib/python3.6/site-packages/airflow/utils/session.py", line 70, in wrapper
    return func(*args, session=session, **kwargs)
  File "/home/airflow/.local/lib/python3.6/site-packages/airflow/models/taskinstance.py", line 1329, in _run_raw_task
    self._execute_task_with_callbacks(context)
  File "/home/airflow/.local/lib/python3.6/site-packages/airflow/models/taskinstance.py", line 1455, in _execute_task_with_callbacks
    result = self._execute_task(context, self.task)
  File "/home/airflow/.local/lib/python3.6/site-packages/airflow/models/taskinstance.py", line 1511, in _execute_task
    result = execute_callable(context=context)
  File "/home/airflow/.local/lib/python3.6/site-packages/airflow/operators/python.py", line 174, in execute
    return_value = self.execute_callable()
  File "/home/airflow/.local/lib/python3.6/site-packages/airflow/operators/python.py", line 185, in execute_callable
    return self.python_callable(*self.op_args, **self.op_kwargs)
  File "/opt/airflow/dags/data_ingestion.py", line 67, in api_url
    print(f" url is {url}")
NameError: name 'url' is not defined
[2024-05-22 04:14:09,636] {local_task_job.py:154} INFO - Task exited with return code 1
[2024-05-22 04:14:10,066] {local_task_job.py:264} INFO - 0 downstream tasks scheduled from follow-on schedule check
[2024-05-22 04:17:35,002] {taskinstance.py:1032} INFO - Dependencies all met for <TaskInstance: purpleair_api_dag.fetch_data scheduled__2024-05-21T02:00:00+00:00 [queued]>
[2024-05-22 04:17:35,127] {taskinstance.py:1032} INFO - Dependencies all met for <TaskInstance: purpleair_api_dag.fetch_data scheduled__2024-05-21T02:00:00+00:00 [queued]>
[2024-05-22 04:17:35,131] {taskinstance.py:1238} INFO - 
--------------------------------------------------------------------------------
[2024-05-22 04:17:35,133] {taskinstance.py:1239} INFO - Starting attempt 1 of 2
[2024-05-22 04:17:35,134] {taskinstance.py:1240} INFO - 
--------------------------------------------------------------------------------
[2024-05-22 04:17:35,290] {taskinstance.py:1259} INFO - Executing <Task(PythonOperator): fetch_data> on 2024-05-21 02:00:00+00:00
[2024-05-22 04:17:35,342] {standard_task_runner.py:52} INFO - Started process 326 to run task
[2024-05-22 04:17:35,419] {standard_task_runner.py:76} INFO - Running: ['***', 'tasks', 'run', 'purpleair_api_dag', 'fetch_data', 'scheduled__2024-05-21T02:00:00+00:00', '--job-id', '23', '--raw', '--subdir', 'DAGS_FOLDER/data_ingestion.py', '--cfg-path', '/tmp/tmpqkh_td9u', '--error-file', '/tmp/tmpma4yzxhq']
[2024-05-22 04:17:35,523] {standard_task_runner.py:77} INFO - Job 23: Subtask fetch_data
[2024-05-22 04:17:36,303] {logging_mixin.py:109} INFO - Running <TaskInstance: purpleair_api_dag.fetch_data scheduled__2024-05-21T02:00:00+00:00 [running]> on host 3419eee920a5
[2024-05-22 04:17:36,879] {taskinstance.py:1426} INFO - Exporting the following env vars:
AIRFLOW_CTX_DAG_OWNER=***
AIRFLOW_CTX_DAG_ID=purpleair_api_dag
AIRFLOW_CTX_TASK_ID=fetch_data
AIRFLOW_CTX_EXECUTION_DATE=2024-05-21T02:00:00+00:00
AIRFLOW_CTX_DAG_RUN_ID=scheduled__2024-05-21T02:00:00+00:00
[2024-05-22 04:17:36,882] {logging_mixin.py:109} INFO -  api is None
[2024-05-22 04:17:36,898] {logging_mixin.py:109} INFO - Full URL: https://api.purpleair.com/v1/sensors?fields=latitude%2Clongitude%2Chumidity%2Cpm2.5_60minute%2Clast_seen&location_type=0&max_age=300
[2024-05-22 04:17:36,901] {logging_mixin.py:109} INFO - Headers: {'X-API-Key': 'None'}
[2024-05-22 04:17:36,983] {logging_mixin.py:109} INFO - Status Code: 403
[2024-05-22 04:17:36,985] {logging_mixin.py:109} INFO - Response Content: {
  "api_version" : "V1.0.13-0.0.56",
  "time_stamp" : 1716351456,
  "error" : "ApiKeyInvalidError",
  "description" : "The provided api_key was not valid."
}
[2024-05-22 04:17:37,174] {logging_mixin.py:109} INFO - Failed to retrieve data: 403
[2024-05-22 04:17:37,196] {python.py:175} INFO - Done. Returned value was: None
[2024-05-22 04:17:37,359] {taskinstance.py:1277} INFO - Marking task as SUCCESS. dag_id=purpleair_api_dag, task_id=fetch_data, execution_date=20240521T020000, start_date=20240522T041735, end_date=20240522T041737
[2024-05-22 04:17:37,606] {local_task_job.py:154} INFO - Task exited with return code 0
[2024-05-22 04:17:37,784] {local_task_job.py:264} INFO - 0 downstream tasks scheduled from follow-on schedule check
