[2024-06-03 03:00:02,192] {taskinstance.py:1032} INFO - Dependencies all met for <TaskInstance: purpleair_api_dag.fetch_data scheduled__2024-06-03T02:00:00+00:00 [queued]>
[2024-06-03 03:00:02,211] {taskinstance.py:1032} INFO - Dependencies all met for <TaskInstance: purpleair_api_dag.fetch_data scheduled__2024-06-03T02:00:00+00:00 [queued]>
[2024-06-03 03:00:02,212] {taskinstance.py:1238} INFO - 
--------------------------------------------------------------------------------
[2024-06-03 03:00:02,212] {taskinstance.py:1239} INFO - Starting attempt 1 of 2
[2024-06-03 03:00:02,212] {taskinstance.py:1240} INFO - 
--------------------------------------------------------------------------------
[2024-06-03 03:00:02,232] {taskinstance.py:1259} INFO - Executing <Task(PythonOperator): fetch_data> on 2024-06-03 02:00:00+00:00
[2024-06-03 03:00:02,246] {standard_task_runner.py:76} INFO - Running: ['***', 'tasks', 'run', 'purpleair_api_dag', 'fetch_data', 'scheduled__2024-06-03T02:00:00+00:00', '--job-id', '83', '--raw', '--subdir', 'DAGS_FOLDER/data_ingestion.py', '--cfg-path', '/tmp/tmpawxn2vq6', '--error-file', '/tmp/tmpf_a1ubpq']
[2024-06-03 03:00:02,252] {standard_task_runner.py:77} INFO - Job 83: Subtask fetch_data
[2024-06-03 03:00:02,239] {standard_task_runner.py:52} INFO - Started process 2989 to run task
[2024-06-03 03:00:02,327] {logging_mixin.py:109} INFO - Running <TaskInstance: purpleair_api_dag.fetch_data scheduled__2024-06-03T02:00:00+00:00 [running]> on host 4f5221a69661
[2024-06-03 03:00:02,393] {taskinstance.py:1426} INFO - Exporting the following env vars:
AIRFLOW_CTX_DAG_OWNER=***
AIRFLOW_CTX_DAG_ID=purpleair_api_dag
AIRFLOW_CTX_TASK_ID=fetch_data
AIRFLOW_CTX_EXECUTION_DATE=2024-06-03T02:00:00+00:00
AIRFLOW_CTX_DAG_RUN_ID=scheduled__2024-06-03T02:00:00+00:00
[2024-06-03 03:00:02,402] {logging_mixin.py:109} INFO - Full URL: https://api.purpleair.com/v1/sensors?fields=latitude%2Clongitude%2Chumidity%2Cpm2.5_60minute%2Ctemperature&location_type=0&max_age=300
[2024-06-03 03:00:02,402] {logging_mixin.py:109} INFO - Headers: {'X-API-Key': '9A23CD90-1279-11EF-B9F7-42010A80000D'}
[2024-06-03 03:00:02,892] {logging_mixin.py:109} INFO - Status Code: 402
[2024-06-03 03:00:02,892] {logging_mixin.py:109} INFO - Response Content: {
  "api_version" : "V1.0.13-0.0.57",
  "time_stamp" : 1717383602,
  "error" : "PaymentRequiredError",
  "description" : "Payment is required to make this api call."
}
[2024-06-03 03:00:03,120] {logging_mixin.py:109} INFO - Failed to retrieve data: 402
[2024-06-03 03:00:03,121] {python.py:175} INFO - Done. Returned value was: None
[2024-06-03 03:00:03,136] {taskinstance.py:1277} INFO - Marking task as SUCCESS. dag_id=purpleair_api_dag, task_id=fetch_data, execution_date=20240603T020000, start_date=20240603T030002, end_date=20240603T030003
[2024-06-03 03:00:03,194] {local_task_job.py:154} INFO - Task exited with return code 0
[2024-06-03 03:00:03,242] {local_task_job.py:264} INFO - 1 downstream tasks scheduled from follow-on schedule check
