[2024-06-03 04:00:01,583] {taskinstance.py:1032} INFO - Dependencies all met for <TaskInstance: purpleair_api_dag.fetch_data scheduled__2024-06-03T03:00:00+00:00 [queued]>
[2024-06-03 04:00:01,596] {taskinstance.py:1032} INFO - Dependencies all met for <TaskInstance: purpleair_api_dag.fetch_data scheduled__2024-06-03T03:00:00+00:00 [queued]>
[2024-06-03 04:00:01,597] {taskinstance.py:1238} INFO - 
--------------------------------------------------------------------------------
[2024-06-03 04:00:01,597] {taskinstance.py:1239} INFO - Starting attempt 1 of 2
[2024-06-03 04:00:01,597] {taskinstance.py:1240} INFO - 
--------------------------------------------------------------------------------
[2024-06-03 04:00:01,611] {taskinstance.py:1259} INFO - Executing <Task(PythonOperator): fetch_data> on 2024-06-03 03:00:00+00:00
[2024-06-03 04:00:01,619] {standard_task_runner.py:52} INFO - Started process 5538 to run task
[2024-06-03 04:00:01,626] {standard_task_runner.py:76} INFO - Running: ['***', 'tasks', 'run', 'purpleair_api_dag', 'fetch_data', 'scheduled__2024-06-03T03:00:00+00:00', '--job-id', '86', '--raw', '--subdir', 'DAGS_FOLDER/data_ingestion.py', '--cfg-path', '/tmp/tmpd9421m_d', '--error-file', '/tmp/tmpvg9ippf9']
[2024-06-03 04:00:01,632] {standard_task_runner.py:77} INFO - Job 86: Subtask fetch_data
[2024-06-03 04:00:01,718] {logging_mixin.py:109} INFO - Running <TaskInstance: purpleair_api_dag.fetch_data scheduled__2024-06-03T03:00:00+00:00 [running]> on host 4f5221a69661
[2024-06-03 04:00:01,789] {taskinstance.py:1426} INFO - Exporting the following env vars:
AIRFLOW_CTX_DAG_OWNER=***
AIRFLOW_CTX_DAG_ID=purpleair_api_dag
AIRFLOW_CTX_TASK_ID=fetch_data
AIRFLOW_CTX_EXECUTION_DATE=2024-06-03T03:00:00+00:00
AIRFLOW_CTX_DAG_RUN_ID=scheduled__2024-06-03T03:00:00+00:00
[2024-06-03 04:00:01,797] {logging_mixin.py:109} INFO - Full URL: https://api.purpleair.com/v1/sensors?fields=latitude%2Clongitude%2Chumidity%2Cpm2.5_60minute%2Ctemperature&location_type=0&max_age=300
[2024-06-03 04:00:01,798] {logging_mixin.py:109} INFO - Headers: {'X-API-Key': '9A23CD90-1279-11EF-B9F7-42010A80000D'}
[2024-06-03 04:00:01,968] {logging_mixin.py:109} INFO - Status Code: 402
[2024-06-03 04:00:01,969] {logging_mixin.py:109} INFO - Response Content: {
  "api_version" : "V1.0.13-0.0.57",
  "time_stamp" : 1717387201,
  "error" : "PaymentRequiredError",
  "description" : "Payment is required to make this api call."
}
[2024-06-03 04:00:02,089] {logging_mixin.py:109} INFO - Failed to retrieve data: 402
[2024-06-03 04:00:02,090] {python.py:175} INFO - Done. Returned value was: None
[2024-06-03 04:00:02,105] {taskinstance.py:1277} INFO - Marking task as SUCCESS. dag_id=purpleair_api_dag, task_id=fetch_data, execution_date=20240603T030000, start_date=20240603T040001, end_date=20240603T040002
[2024-06-03 04:00:02,168] {local_task_job.py:154} INFO - Task exited with return code 0
[2024-06-03 04:00:02,221] {local_task_job.py:264} INFO - 1 downstream tasks scheduled from follow-on schedule check
