[2024-06-03 01:56:13,281] {taskinstance.py:1032} INFO - Dependencies all met for <TaskInstance: purpleair_api_dag.fetch_data scheduled__2024-06-02T03:00:00+00:00 [queued]>
[2024-06-03 01:56:13,427] {taskinstance.py:1032} INFO - Dependencies all met for <TaskInstance: purpleair_api_dag.fetch_data scheduled__2024-06-02T03:00:00+00:00 [queued]>
[2024-06-03 01:56:13,428] {taskinstance.py:1238} INFO - 
--------------------------------------------------------------------------------
[2024-06-03 01:56:13,431] {taskinstance.py:1239} INFO - Starting attempt 1 of 2
[2024-06-03 01:56:13,432] {taskinstance.py:1240} INFO - 
--------------------------------------------------------------------------------
[2024-06-03 01:56:13,631] {taskinstance.py:1259} INFO - Executing <Task(PythonOperator): fetch_data> on 2024-06-02 03:00:00+00:00
[2024-06-03 01:56:13,723] {standard_task_runner.py:52} INFO - Started process 161 to run task
[2024-06-03 01:56:13,804] {standard_task_runner.py:76} INFO - Running: ['***', 'tasks', 'run', 'purpleair_api_dag', 'fetch_data', 'scheduled__2024-06-02T03:00:00+00:00', '--job-id', '10', '--raw', '--subdir', 'DAGS_FOLDER/data_ingestion.py', '--cfg-path', '/tmp/tmp3jgst274', '--error-file', '/tmp/tmpaljn8y87']
[2024-06-03 01:56:13,905] {standard_task_runner.py:77} INFO - Job 10: Subtask fetch_data
[2024-06-03 01:56:14,807] {logging_mixin.py:109} INFO - Running <TaskInstance: purpleair_api_dag.fetch_data scheduled__2024-06-02T03:00:00+00:00 [running]> on host 4f5221a69661
[2024-06-03 01:56:15,314] {taskinstance.py:1426} INFO - Exporting the following env vars:
AIRFLOW_CTX_DAG_OWNER=***
AIRFLOW_CTX_DAG_ID=purpleair_api_dag
AIRFLOW_CTX_TASK_ID=fetch_data
AIRFLOW_CTX_EXECUTION_DATE=2024-06-02T03:00:00+00:00
AIRFLOW_CTX_DAG_RUN_ID=scheduled__2024-06-02T03:00:00+00:00
[2024-06-03 01:56:15,331] {logging_mixin.py:109} INFO - Full URL: https://api.purpleair.com/v1/sensors?fields=latitude%2Clongitude%2Chumidity%2Cpm2.5_60minute%2Ctemperature&location_type=0&max_age=300
[2024-06-03 01:56:15,332] {logging_mixin.py:109} INFO - Headers: {'X-API-Key': '9A23CD90-1279-11EF-B9F7-42010A80000D'}
[2024-06-03 01:56:26,135] {logging_mixin.py:109} INFO - Status Code: 500
[2024-06-03 01:56:26,136] {logging_mixin.py:109} INFO - Response Content: 
<html><head>
<meta http-equiv="content-type" content="text/html;charset=utf-8">
<title>500 Server Error</title>
</head>
<body text=#000000 bgcolor=#ffffff>
<h1>Error: Server Error</h1>
<h2>The server encountered an error and could not complete your request.<p>Please try again in 30 seconds.</h2>
<h2></h2>
</body></html>
[2024-06-03 01:56:26,136] {logging_mixin.py:109} INFO - 
[2024-06-03 01:56:26,472] {logging_mixin.py:109} INFO - Failed to retrieve data: 402
[2024-06-03 01:56:26,507] {python.py:175} INFO - Done. Returned value was: None
[2024-06-03 01:56:26,614] {taskinstance.py:1277} INFO - Marking task as SUCCESS. dag_id=purpleair_api_dag, task_id=fetch_data, execution_date=20240602T030000, start_date=20240603T015613, end_date=20240603T015626
[2024-06-03 01:56:26,830] {local_task_job.py:154} INFO - Task exited with return code 0
[2024-06-03 01:56:27,235] {local_task_job.py:264} INFO - 0 downstream tasks scheduled from follow-on schedule check
