[2024-05-22 02:20:26,049] {taskinstance.py:1032} INFO - Dependencies all met for <TaskInstance: purpleair_api_dag.fetch_data scheduled__2024-05-21T13:00:00+00:00 [queued]>
[2024-05-22 02:20:26,069] {taskinstance.py:1032} INFO - Dependencies all met for <TaskInstance: purpleair_api_dag.fetch_data scheduled__2024-05-21T13:00:00+00:00 [queued]>
[2024-05-22 02:20:26,069] {taskinstance.py:1238} INFO - 
--------------------------------------------------------------------------------
[2024-05-22 02:20:26,069] {taskinstance.py:1239} INFO - Starting attempt 1 of 2
[2024-05-22 02:20:26,069] {taskinstance.py:1240} INFO - 
--------------------------------------------------------------------------------
[2024-05-22 02:20:26,095] {taskinstance.py:1259} INFO - Executing <Task(PythonOperator): fetch_data> on 2024-05-21 13:00:00+00:00
[2024-05-22 02:20:26,106] {standard_task_runner.py:52} INFO - Started process 2367 to run task
[2024-05-22 02:20:26,119] {standard_task_runner.py:76} INFO - Running: ['***', 'tasks', 'run', 'purpleair_api_dag', 'fetch_data', 'scheduled__2024-05-21T13:00:00+00:00', '--job-id', '16', '--raw', '--subdir', 'DAGS_FOLDER/data_ingestion.py', '--cfg-path', '/tmp/tmptbmsyvgx', '--error-file', '/tmp/tmp5wmsce5j']
[2024-05-22 02:20:26,133] {standard_task_runner.py:77} INFO - Job 16: Subtask fetch_data
[2024-05-22 02:20:26,244] {logging_mixin.py:109} INFO - Running <TaskInstance: purpleair_api_dag.fetch_data scheduled__2024-05-21T13:00:00+00:00 [running]> on host 8fe6997c1526
[2024-05-22 02:20:26,370] {taskinstance.py:1426} INFO - Exporting the following env vars:
AIRFLOW_CTX_DAG_OWNER=***
AIRFLOW_CTX_DAG_ID=purpleair_api_dag
AIRFLOW_CTX_TASK_ID=fetch_data
AIRFLOW_CTX_EXECUTION_DATE=2024-05-21T13:00:00+00:00
AIRFLOW_CTX_DAG_RUN_ID=scheduled__2024-05-21T13:00:00+00:00
[2024-05-22 02:20:26,454] {logging_mixin.py:109} INFO - Failed to retrieve data: 403
[2024-05-22 02:20:26,455] {python.py:175} INFO - Done. Returned value was: None
[2024-05-22 02:20:26,474] {taskinstance.py:1277} INFO - Marking task as SUCCESS. dag_id=purpleair_api_dag, task_id=fetch_data, execution_date=20240521T130000, start_date=20240522T022026, end_date=20240522T022026
[2024-05-22 02:20:26,501] {local_task_job.py:154} INFO - Task exited with return code 0
[2024-05-22 02:20:26,552] {local_task_job.py:264} INFO - 0 downstream tasks scheduled from follow-on schedule check
[2024-05-22 04:14:13,417] {taskinstance.py:1032} INFO - Dependencies all met for <TaskInstance: purpleair_api_dag.fetch_data scheduled__2024-05-21T13:00:00+00:00 [queued]>
[2024-05-22 04:14:13,518] {taskinstance.py:1032} INFO - Dependencies all met for <TaskInstance: purpleair_api_dag.fetch_data scheduled__2024-05-21T13:00:00+00:00 [queued]>
[2024-05-22 04:14:13,523] {taskinstance.py:1238} INFO - 
--------------------------------------------------------------------------------
[2024-05-22 04:14:13,528] {taskinstance.py:1239} INFO - Starting attempt 1 of 2
[2024-05-22 04:14:13,530] {taskinstance.py:1240} INFO - 
--------------------------------------------------------------------------------
[2024-05-22 04:14:13,687] {taskinstance.py:1259} INFO - Executing <Task(PythonOperator): fetch_data> on 2024-05-21 13:00:00+00:00
[2024-05-22 04:14:13,724] {standard_task_runner.py:52} INFO - Started process 154 to run task
[2024-05-22 04:14:13,766] {standard_task_runner.py:76} INFO - Running: ['***', 'tasks', 'run', 'purpleair_api_dag', 'fetch_data', 'scheduled__2024-05-21T13:00:00+00:00', '--job-id', '15', '--raw', '--subdir', 'DAGS_FOLDER/data_ingestion.py', '--cfg-path', '/tmp/tmpzkjm458j', '--error-file', '/tmp/tmp8hl2qk16']
[2024-05-22 04:14:13,816] {standard_task_runner.py:77} INFO - Job 15: Subtask fetch_data
[2024-05-22 04:14:14,019] {logging_mixin.py:109} INFO - Running <TaskInstance: purpleair_api_dag.fetch_data scheduled__2024-05-21T13:00:00+00:00 [running]> on host 3419eee920a5
[2024-05-22 04:14:14,261] {taskinstance.py:1426} INFO - Exporting the following env vars:
AIRFLOW_CTX_DAG_OWNER=***
AIRFLOW_CTX_DAG_ID=purpleair_api_dag
AIRFLOW_CTX_TASK_ID=fetch_data
AIRFLOW_CTX_EXECUTION_DATE=2024-05-21T13:00:00+00:00
AIRFLOW_CTX_DAG_RUN_ID=scheduled__2024-05-21T13:00:00+00:00
[2024-05-22 04:14:14,268] {taskinstance.py:1700} ERROR - Task failed with exception
Traceback (most recent call last):
  File "/home/airflow/.local/lib/python3.6/site-packages/airflow/models/taskinstance.py", line 1329, in _run_raw_task
    self._execute_task_with_callbacks(context)
  File "/home/airflow/.local/lib/python3.6/site-packages/airflow/models/taskinstance.py", line 1455, in _execute_task_with_callbacks
    result = self._execute_task(context, self.task)
  File "/home/airflow/.local/lib/python3.6/site-packages/airflow/models/taskinstance.py", line 1511, in _execute_task
    result = execute_callable(context=context)
  File "/home/airflow/.local/lib/python3.6/site-packages/airflow/operators/python.py", line 174, in execute
    return_value = self.execute_callable()
  File "/home/airflow/.local/lib/python3.6/site-packages/airflow/operators/python.py", line 185, in execute_callable
    return self.python_callable(*self.op_args, **self.op_kwargs)
  File "/opt/airflow/dags/data_ingestion.py", line 67, in api_url
    print(f" url is {url}")
NameError: name 'url' is not defined
[2024-05-22 04:14:14,328] {taskinstance.py:1277} INFO - Marking task as UP_FOR_RETRY. dag_id=purpleair_api_dag, task_id=fetch_data, execution_date=20240521T130000, start_date=20240522T041413, end_date=20240522T041414
[2024-05-22 04:14:14,391] {standard_task_runner.py:92} ERROR - Failed to execute job 15 for task fetch_data
Traceback (most recent call last):
  File "/home/airflow/.local/lib/python3.6/site-packages/airflow/task/task_runner/standard_task_runner.py", line 85, in _start_by_fork
    args.func(args, dag=self.dag)
  File "/home/airflow/.local/lib/python3.6/site-packages/airflow/cli/cli_parser.py", line 48, in command
    return func(*args, **kwargs)
  File "/home/airflow/.local/lib/python3.6/site-packages/airflow/utils/cli.py", line 92, in wrapper
    return f(*args, **kwargs)
  File "/home/airflow/.local/lib/python3.6/site-packages/airflow/cli/commands/task_command.py", line 298, in task_run
    _run_task_by_selected_method(args, dag, ti)
  File "/home/airflow/.local/lib/python3.6/site-packages/airflow/cli/commands/task_command.py", line 107, in _run_task_by_selected_method
    _run_raw_task(args, ti)
  File "/home/airflow/.local/lib/python3.6/site-packages/airflow/cli/commands/task_command.py", line 184, in _run_raw_task
    error_file=args.error_file,
  File "/home/airflow/.local/lib/python3.6/site-packages/airflow/utils/session.py", line 70, in wrapper
    return func(*args, session=session, **kwargs)
  File "/home/airflow/.local/lib/python3.6/site-packages/airflow/models/taskinstance.py", line 1329, in _run_raw_task
    self._execute_task_with_callbacks(context)
  File "/home/airflow/.local/lib/python3.6/site-packages/airflow/models/taskinstance.py", line 1455, in _execute_task_with_callbacks
    result = self._execute_task(context, self.task)
  File "/home/airflow/.local/lib/python3.6/site-packages/airflow/models/taskinstance.py", line 1511, in _execute_task
    result = execute_callable(context=context)
  File "/home/airflow/.local/lib/python3.6/site-packages/airflow/operators/python.py", line 174, in execute
    return_value = self.execute_callable()
  File "/home/airflow/.local/lib/python3.6/site-packages/airflow/operators/python.py", line 185, in execute_callable
    return self.python_callable(*self.op_args, **self.op_kwargs)
  File "/opt/airflow/dags/data_ingestion.py", line 67, in api_url
    print(f" url is {url}")
NameError: name 'url' is not defined
[2024-05-22 04:14:14,449] {local_task_job.py:154} INFO - Task exited with return code 1
[2024-05-22 04:14:14,657] {local_task_job.py:264} INFO - 0 downstream tasks scheduled from follow-on schedule check
[2024-05-22 04:17:40,206] {taskinstance.py:1032} INFO - Dependencies all met for <TaskInstance: purpleair_api_dag.fetch_data scheduled__2024-05-21T13:00:00+00:00 [queued]>
[2024-05-22 04:17:40,257] {taskinstance.py:1032} INFO - Dependencies all met for <TaskInstance: purpleair_api_dag.fetch_data scheduled__2024-05-21T13:00:00+00:00 [queued]>
[2024-05-22 04:17:40,257] {taskinstance.py:1238} INFO - 
--------------------------------------------------------------------------------
[2024-05-22 04:17:40,257] {taskinstance.py:1239} INFO - Starting attempt 1 of 2
[2024-05-22 04:17:40,257] {taskinstance.py:1240} INFO - 
--------------------------------------------------------------------------------
[2024-05-22 04:17:40,312] {taskinstance.py:1259} INFO - Executing <Task(PythonOperator): fetch_data> on 2024-05-21 13:00:00+00:00
[2024-05-22 04:17:40,359] {standard_task_runner.py:52} INFO - Started process 343 to run task
[2024-05-22 04:17:40,387] {standard_task_runner.py:76} INFO - Running: ['***', 'tasks', 'run', 'purpleair_api_dag', 'fetch_data', 'scheduled__2024-05-21T13:00:00+00:00', '--job-id', '34', '--raw', '--subdir', 'DAGS_FOLDER/data_ingestion.py', '--cfg-path', '/tmp/tmpamfipdgf', '--error-file', '/tmp/tmp6mk8g6sc']
[2024-05-22 04:17:40,438] {standard_task_runner.py:77} INFO - Job 34: Subtask fetch_data
[2024-05-22 04:17:40,887] {logging_mixin.py:109} INFO - Running <TaskInstance: purpleair_api_dag.fetch_data scheduled__2024-05-21T13:00:00+00:00 [running]> on host 3419eee920a5
[2024-05-22 04:17:41,124] {taskinstance.py:1426} INFO - Exporting the following env vars:
AIRFLOW_CTX_DAG_OWNER=***
AIRFLOW_CTX_DAG_ID=purpleair_api_dag
AIRFLOW_CTX_TASK_ID=fetch_data
AIRFLOW_CTX_EXECUTION_DATE=2024-05-21T13:00:00+00:00
AIRFLOW_CTX_DAG_RUN_ID=scheduled__2024-05-21T13:00:00+00:00
[2024-05-22 04:17:41,127] {logging_mixin.py:109} INFO -  api is None
[2024-05-22 04:17:41,132] {logging_mixin.py:109} INFO - Full URL: https://api.purpleair.com/v1/sensors?fields=latitude%2Clongitude%2Chumidity%2Cpm2.5_60minute%2Clast_seen&location_type=0&max_age=300
[2024-05-22 04:17:41,133] {logging_mixin.py:109} INFO - Headers: {'X-API-Key': 'None'}
[2024-05-22 04:17:41,194] {logging_mixin.py:109} INFO - Status Code: 403
[2024-05-22 04:17:41,196] {logging_mixin.py:109} INFO - Response Content: {
  "api_version" : "V1.0.13-0.0.56",
  "time_stamp" : 1716351461,
  "error" : "ApiKeyInvalidError",
  "description" : "The provided api_key was not valid."
}
[2024-05-22 04:17:41,266] {logging_mixin.py:109} INFO - Failed to retrieve data: 403
[2024-05-22 04:17:41,268] {python.py:175} INFO - Done. Returned value was: None
[2024-05-22 04:17:41,292] {taskinstance.py:1277} INFO - Marking task as SUCCESS. dag_id=purpleair_api_dag, task_id=fetch_data, execution_date=20240521T130000, start_date=20240522T041740, end_date=20240522T041741
[2024-05-22 04:17:41,358] {local_task_job.py:154} INFO - Task exited with return code 0
[2024-05-22 04:17:41,425] {local_task_job.py:264} INFO - 0 downstream tasks scheduled from follow-on schedule check
[2024-05-22 06:50:13,595] {taskinstance.py:1032} INFO - Dependencies all met for <TaskInstance: purpleair_api_dag.fetch_data scheduled__2024-05-21T13:00:00+00:00 [queued]>
[2024-05-22 06:50:13,642] {taskinstance.py:1032} INFO - Dependencies all met for <TaskInstance: purpleair_api_dag.fetch_data scheduled__2024-05-21T13:00:00+00:00 [queued]>
[2024-05-22 06:50:13,642] {taskinstance.py:1238} INFO - 
--------------------------------------------------------------------------------
[2024-05-22 06:50:13,642] {taskinstance.py:1239} INFO - Starting attempt 1 of 2
[2024-05-22 06:50:13,643] {taskinstance.py:1240} INFO - 
--------------------------------------------------------------------------------
[2024-05-22 06:50:13,729] {taskinstance.py:1259} INFO - Executing <Task(PythonOperator): fetch_data> on 2024-05-21 13:00:00+00:00
[2024-05-22 06:50:13,761] {standard_task_runner.py:52} INFO - Started process 204 to run task
[2024-05-22 06:50:13,789] {standard_task_runner.py:76} INFO - Running: ['***', 'tasks', 'run', 'purpleair_api_dag', 'fetch_data', 'scheduled__2024-05-21T13:00:00+00:00', '--job-id', '17', '--raw', '--subdir', 'DAGS_FOLDER/data_ingestion.py', '--cfg-path', '/tmp/tmps9wct5a5', '--error-file', '/tmp/tmp_kkmbdxl']
[2024-05-22 06:50:13,839] {standard_task_runner.py:77} INFO - Job 17: Subtask fetch_data
[2024-05-22 06:50:14,092] {logging_mixin.py:109} INFO - Running <TaskInstance: purpleair_api_dag.fetch_data scheduled__2024-05-21T13:00:00+00:00 [running]> on host 148b4063f71c
[2024-05-22 06:50:14,313] {taskinstance.py:1426} INFO - Exporting the following env vars:
AIRFLOW_CTX_DAG_OWNER=***
AIRFLOW_CTX_DAG_ID=purpleair_api_dag
AIRFLOW_CTX_TASK_ID=fetch_data
AIRFLOW_CTX_EXECUTION_DATE=2024-05-21T13:00:00+00:00
AIRFLOW_CTX_DAG_RUN_ID=scheduled__2024-05-21T13:00:00+00:00
[2024-05-22 06:50:14,402] {logging_mixin.py:109} INFO - Full URL: https://api.purpleair.com/v1/sensors?fields=latitude%2Clongitude%2Chumidity%2Cpm2.5_60minute%2Ctemperature&location_type=0&max_age=300
[2024-05-22 06:50:14,403] {logging_mixin.py:109} INFO - Headers: {'X-API-Key': '9A23CD90-1279-11EF-B9F7-42010A80000D'}
[2024-05-22 06:50:25,420] {logging_mixin.py:109} INFO - Status Code: 500
[2024-05-22 06:50:25,422] {logging_mixin.py:109} INFO - Response Content: 
<html><head>
<meta http-equiv="content-type" content="text/html;charset=utf-8">
<title>500 Server Error</title>
</head>
<body text=#000000 bgcolor=#ffffff>
<h1>Error: Server Error</h1>
<h2>The server encountered an error and could not complete your request.<p>Please try again in 30 seconds.</h2>
<h2></h2>
</body></html>
[2024-05-22 06:50:25,422] {logging_mixin.py:109} INFO - 
[2024-05-22 06:50:25,874] {logging_mixin.py:109} INFO - Failed to retrieve data: 402
[2024-05-22 06:50:25,889] {python.py:175} INFO - Done. Returned value was: None
[2024-05-22 06:50:26,437] {taskinstance.py:1277} INFO - Marking task as SUCCESS. dag_id=purpleair_api_dag, task_id=fetch_data, execution_date=20240521T130000, start_date=20240522T065013, end_date=20240522T065026
[2024-05-22 06:50:26,660] {local_task_job.py:154} INFO - Task exited with return code 0
[2024-05-22 06:50:26,976] {local_task_job.py:264} INFO - 1 downstream tasks scheduled from follow-on schedule check
[2024-05-22 06:59:09,772] {taskinstance.py:1032} INFO - Dependencies all met for <TaskInstance: purpleair_api_dag.fetch_data scheduled__2024-05-21T13:00:00+00:00 [queued]>
[2024-05-22 06:59:09,980] {taskinstance.py:1032} INFO - Dependencies all met for <TaskInstance: purpleair_api_dag.fetch_data scheduled__2024-05-21T13:00:00+00:00 [queued]>
[2024-05-22 06:59:09,981] {taskinstance.py:1238} INFO - 
--------------------------------------------------------------------------------
[2024-05-22 06:59:09,981] {taskinstance.py:1239} INFO - Starting attempt 1 of 2
[2024-05-22 06:59:09,981] {taskinstance.py:1240} INFO - 
--------------------------------------------------------------------------------
[2024-05-22 06:59:10,263] {taskinstance.py:1259} INFO - Executing <Task(PythonOperator): fetch_data> on 2024-05-21 13:00:00+00:00
[2024-05-22 06:59:10,361] {standard_task_runner.py:52} INFO - Started process 783 to run task
[2024-05-22 06:59:10,430] {standard_task_runner.py:76} INFO - Running: ['***', 'tasks', 'run', 'purpleair_api_dag', 'fetch_data', 'scheduled__2024-05-21T13:00:00+00:00', '--job-id', '97', '--raw', '--subdir', 'DAGS_FOLDER/data_ingestion.py', '--cfg-path', '/tmp/tmplqlq4zbb', '--error-file', '/tmp/tmp4ickhfm4']
[2024-05-22 06:59:10,497] {standard_task_runner.py:77} INFO - Job 97: Subtask fetch_data
[2024-05-22 06:59:11,219] {logging_mixin.py:109} INFO - Running <TaskInstance: purpleair_api_dag.fetch_data scheduled__2024-05-21T13:00:00+00:00 [running]> on host 148b4063f71c
[2024-05-22 06:59:12,789] {taskinstance.py:1426} INFO - Exporting the following env vars:
AIRFLOW_CTX_DAG_OWNER=***
AIRFLOW_CTX_DAG_ID=purpleair_api_dag
AIRFLOW_CTX_TASK_ID=fetch_data
AIRFLOW_CTX_EXECUTION_DATE=2024-05-21T13:00:00+00:00
AIRFLOW_CTX_DAG_RUN_ID=scheduled__2024-05-21T13:00:00+00:00
[2024-05-22 06:59:12,894] {logging_mixin.py:109} INFO - Full URL: https://api.purpleair.com/v1/sensors?fields=latitude%2Clongitude%2Chumidity%2Cpm2.5_60minute%2Ctemperature&location_type=0&max_age=300
[2024-05-22 06:59:12,898] {logging_mixin.py:109} INFO - Headers: {'X-API-Key': '9A23CD90-1279-11EF-B9F7-42010A80000D'}
[2024-05-22 06:59:13,729] {logging_mixin.py:109} INFO - Status Code: 402
[2024-05-22 06:59:13,730] {logging_mixin.py:109} INFO - Response Content: {
  "api_version" : "V1.0.13-0.0.56",
  "time_stamp" : 1716361153,
  "error" : "PaymentRequiredError",
  "description" : "Payment is required to make this api call."
}
[2024-05-22 06:59:13,946] {logging_mixin.py:109} INFO - Failed to retrieve data: 402
[2024-05-22 06:59:13,948] {python.py:175} INFO - Done. Returned value was: None
[2024-05-22 06:59:13,986] {taskinstance.py:1277} INFO - Marking task as SUCCESS. dag_id=purpleair_api_dag, task_id=fetch_data, execution_date=20240521T130000, start_date=20240522T065909, end_date=20240522T065913
[2024-05-22 06:59:14,064] {local_task_job.py:154} INFO - Task exited with return code 0
[2024-05-22 06:59:14,159] {local_task_job.py:264} INFO - 1 downstream tasks scheduled from follow-on schedule check
[2024-05-22 07:06:54,980] {taskinstance.py:1032} INFO - Dependencies all met for <TaskInstance: purpleair_api_dag.fetch_data scheduled__2024-05-21T13:00:00+00:00 [queued]>
[2024-05-22 07:06:55,156] {taskinstance.py:1032} INFO - Dependencies all met for <TaskInstance: purpleair_api_dag.fetch_data scheduled__2024-05-21T13:00:00+00:00 [queued]>
[2024-05-22 07:06:55,157] {taskinstance.py:1238} INFO - 
--------------------------------------------------------------------------------
[2024-05-22 07:06:55,157] {taskinstance.py:1239} INFO - Starting attempt 1 of 2
[2024-05-22 07:06:55,157] {taskinstance.py:1240} INFO - 
--------------------------------------------------------------------------------
[2024-05-22 07:06:55,301] {taskinstance.py:1259} INFO - Executing <Task(PythonOperator): fetch_data> on 2024-05-21 13:00:00+00:00
[2024-05-22 07:06:55,378] {standard_task_runner.py:52} INFO - Started process 1303 to run task
[2024-05-22 07:06:55,474] {standard_task_runner.py:76} INFO - Running: ['***', 'tasks', 'run', 'purpleair_api_dag', 'fetch_data', 'scheduled__2024-05-21T13:00:00+00:00', '--job-id', '173', '--raw', '--subdir', 'DAGS_FOLDER/data_ingestion.py', '--cfg-path', '/tmp/tmp4f7gzfrs', '--error-file', '/tmp/tmpso_vgaqf']
[2024-05-22 07:06:55,556] {standard_task_runner.py:77} INFO - Job 173: Subtask fetch_data
[2024-05-22 07:06:55,888] {logging_mixin.py:109} INFO - Running <TaskInstance: purpleair_api_dag.fetch_data scheduled__2024-05-21T13:00:00+00:00 [running]> on host 148b4063f71c
[2024-05-22 07:06:56,101] {taskinstance.py:1426} INFO - Exporting the following env vars:
AIRFLOW_CTX_DAG_OWNER=***
AIRFLOW_CTX_DAG_ID=purpleair_api_dag
AIRFLOW_CTX_TASK_ID=fetch_data
AIRFLOW_CTX_EXECUTION_DATE=2024-05-21T13:00:00+00:00
AIRFLOW_CTX_DAG_RUN_ID=scheduled__2024-05-21T13:00:00+00:00
[2024-05-22 07:06:56,113] {logging_mixin.py:109} INFO - Full URL: https://api.purpleair.com/v1/sensors?fields=latitude%2Clongitude%2Chumidity%2Cpm2.5_60minute%2Ctemperature&location_type=0&max_age=300
[2024-05-22 07:06:56,113] {logging_mixin.py:109} INFO - Headers: {'X-API-Key': '9A23CD90-1279-11EF-B9F7-42010A80000D'}
[2024-05-22 07:06:56,345] {logging_mixin.py:109} INFO - Status Code: 402
[2024-05-22 07:06:56,348] {logging_mixin.py:109} INFO - Response Content: {
  "api_version" : "V1.0.13-0.0.56",
  "time_stamp" : 1716361616,
  "error" : "PaymentRequiredError",
  "description" : "Payment is required to make this api call."
}
[2024-05-22 07:06:56,640] {logging_mixin.py:109} INFO - Failed to retrieve data: 402
[2024-05-22 07:06:56,641] {python.py:175} INFO - Done. Returned value was: None
[2024-05-22 07:06:56,698] {taskinstance.py:1277} INFO - Marking task as SUCCESS. dag_id=purpleair_api_dag, task_id=fetch_data, execution_date=20240521T130000, start_date=20240522T070655, end_date=20240522T070656
[2024-05-22 07:06:57,087] {local_task_job.py:154} INFO - Task exited with return code 0
[2024-05-22 07:06:57,332] {local_task_job.py:264} INFO - 1 downstream tasks scheduled from follow-on schedule check
[2024-05-22 07:14:12,425] {taskinstance.py:1032} INFO - Dependencies all met for <TaskInstance: purpleair_api_dag.fetch_data scheduled__2024-05-21T13:00:00+00:00 [queued]>
[2024-05-22 07:14:12,689] {taskinstance.py:1032} INFO - Dependencies all met for <TaskInstance: purpleair_api_dag.fetch_data scheduled__2024-05-21T13:00:00+00:00 [queued]>
[2024-05-22 07:14:12,689] {taskinstance.py:1238} INFO - 
--------------------------------------------------------------------------------
[2024-05-22 07:14:12,690] {taskinstance.py:1239} INFO - Starting attempt 1 of 2
[2024-05-22 07:14:12,690] {taskinstance.py:1240} INFO - 
--------------------------------------------------------------------------------
[2024-05-22 07:14:12,889] {taskinstance.py:1259} INFO - Executing <Task(PythonOperator): fetch_data> on 2024-05-21 13:00:00+00:00
[2024-05-22 07:14:12,953] {standard_task_runner.py:52} INFO - Started process 1812 to run task
[2024-05-22 07:14:13,025] {standard_task_runner.py:76} INFO - Running: ['***', 'tasks', 'run', 'purpleair_api_dag', 'fetch_data', 'scheduled__2024-05-21T13:00:00+00:00', '--job-id', '254', '--raw', '--subdir', 'DAGS_FOLDER/data_ingestion.py', '--cfg-path', '/tmp/tmpql8vr7hz', '--error-file', '/tmp/tmpudmbo_m4']
[2024-05-22 07:14:13,120] {standard_task_runner.py:77} INFO - Job 254: Subtask fetch_data
[2024-05-22 07:14:13,858] {logging_mixin.py:109} INFO - Running <TaskInstance: purpleair_api_dag.fetch_data scheduled__2024-05-21T13:00:00+00:00 [running]> on host 148b4063f71c
[2024-05-22 07:14:14,473] {taskinstance.py:1426} INFO - Exporting the following env vars:
AIRFLOW_CTX_DAG_OWNER=***
AIRFLOW_CTX_DAG_ID=purpleair_api_dag
AIRFLOW_CTX_TASK_ID=fetch_data
AIRFLOW_CTX_EXECUTION_DATE=2024-05-21T13:00:00+00:00
AIRFLOW_CTX_DAG_RUN_ID=scheduled__2024-05-21T13:00:00+00:00
[2024-05-22 07:14:14,529] {logging_mixin.py:109} INFO - Full URL: https://api.purpleair.com/v1/sensors?fields=latitude%2Clongitude%2Chumidity%2Cpm2.5_60minute%2Ctemperature&location_type=0&max_age=300
[2024-05-22 07:14:14,545] {logging_mixin.py:109} INFO - Headers: {'X-API-Key': '9A23CD90-1279-11EF-B9F7-42010A80000D'}
[2024-05-22 07:14:15,059] {logging_mixin.py:109} INFO - Status Code: 402
[2024-05-22 07:14:15,140] {logging_mixin.py:109} INFO - Response Content: {
  "api_version" : "V1.0.13-0.0.56",
  "time_stamp" : 1716362055,
  "error" : "PaymentRequiredError",
  "description" : "Payment is required to make this api call."
}
[2024-05-22 07:14:15,538] {logging_mixin.py:109} INFO - Failed to retrieve data: 402
[2024-05-22 07:14:15,553] {python.py:175} INFO - Done. Returned value was: None
[2024-05-22 07:14:15,691] {taskinstance.py:1277} INFO - Marking task as SUCCESS. dag_id=purpleair_api_dag, task_id=fetch_data, execution_date=20240521T130000, start_date=20240522T071412, end_date=20240522T071415
[2024-05-22 07:14:15,894] {local_task_job.py:154} INFO - Task exited with return code 0
[2024-05-22 07:14:16,252] {local_task_job.py:264} INFO - 1 downstream tasks scheduled from follow-on schedule check
[2024-05-22 07:16:38,033] {taskinstance.py:1032} INFO - Dependencies all met for <TaskInstance: purpleair_api_dag.fetch_data scheduled__2024-05-21T13:00:00+00:00 [queued]>
[2024-05-22 07:16:38,402] {taskinstance.py:1032} INFO - Dependencies all met for <TaskInstance: purpleair_api_dag.fetch_data scheduled__2024-05-21T13:00:00+00:00 [queued]>
[2024-05-22 07:16:38,402] {taskinstance.py:1238} INFO - 
--------------------------------------------------------------------------------
[2024-05-22 07:16:38,402] {taskinstance.py:1239} INFO - Starting attempt 1 of 2
[2024-05-22 07:16:38,402] {taskinstance.py:1240} INFO - 
--------------------------------------------------------------------------------
[2024-05-22 07:16:38,894] {taskinstance.py:1259} INFO - Executing <Task(PythonOperator): fetch_data> on 2024-05-21 13:00:00+00:00
[2024-05-22 07:16:38,979] {standard_task_runner.py:52} INFO - Started process 2008 to run task
[2024-05-22 07:16:39,015] {standard_task_runner.py:76} INFO - Running: ['***', 'tasks', 'run', 'purpleair_api_dag', 'fetch_data', 'scheduled__2024-05-21T13:00:00+00:00', '--job-id', '285', '--raw', '--subdir', 'DAGS_FOLDER/data_ingestion.py', '--cfg-path', '/tmp/tmpc427d7m9', '--error-file', '/tmp/tmp4q89dywv']
[2024-05-22 07:16:39,163] {standard_task_runner.py:77} INFO - Job 285: Subtask fetch_data
[2024-05-22 07:16:40,051] {logging_mixin.py:109} INFO - Running <TaskInstance: purpleair_api_dag.fetch_data scheduled__2024-05-21T13:00:00+00:00 [running]> on host 148b4063f71c
[2024-05-22 07:16:41,151] {taskinstance.py:1426} INFO - Exporting the following env vars:
AIRFLOW_CTX_DAG_OWNER=***
AIRFLOW_CTX_DAG_ID=purpleair_api_dag
AIRFLOW_CTX_TASK_ID=fetch_data
AIRFLOW_CTX_EXECUTION_DATE=2024-05-21T13:00:00+00:00
AIRFLOW_CTX_DAG_RUN_ID=scheduled__2024-05-21T13:00:00+00:00
[2024-05-22 07:16:41,292] {logging_mixin.py:109} INFO - Full URL: https://api.purpleair.com/v1/sensors?fields=latitude%2Clongitude%2Chumidity%2Cpm2.5_60minute%2Ctemperature&location_type=0&max_age=300
[2024-05-22 07:16:41,300] {logging_mixin.py:109} INFO - Headers: {'X-API-Key': '9A23CD90-1279-11EF-B9F7-42010A80000D'}
[2024-05-22 07:16:41,799] {logging_mixin.py:109} INFO - Status Code: 402
[2024-05-22 07:16:41,800] {logging_mixin.py:109} INFO - Response Content: {
  "api_version" : "V1.0.13-0.0.56",
  "time_stamp" : 1716362201,
  "error" : "PaymentRequiredError",
  "description" : "Payment is required to make this api call."
}
[2024-05-22 07:16:42,076] {logging_mixin.py:109} INFO - Failed to retrieve data: 402
[2024-05-22 07:16:42,077] {python.py:175} INFO - Done. Returned value was: None
[2024-05-22 07:16:42,166] {taskinstance.py:1277} INFO - Marking task as SUCCESS. dag_id=purpleair_api_dag, task_id=fetch_data, execution_date=20240521T130000, start_date=20240522T071638, end_date=20240522T071642
[2024-05-22 07:16:42,405] {local_task_job.py:154} INFO - Task exited with return code 0
[2024-05-22 07:16:42,573] {local_task_job.py:264} INFO - 1 downstream tasks scheduled from follow-on schedule check
[2024-05-22 07:29:13,505] {taskinstance.py:1032} INFO - Dependencies all met for <TaskInstance: purpleair_api_dag.fetch_data scheduled__2024-05-21T13:00:00+00:00 [queued]>
[2024-05-22 07:29:13,779] {taskinstance.py:1032} INFO - Dependencies all met for <TaskInstance: purpleair_api_dag.fetch_data scheduled__2024-05-21T13:00:00+00:00 [queued]>
[2024-05-22 07:29:13,779] {taskinstance.py:1238} INFO - 
--------------------------------------------------------------------------------
[2024-05-22 07:29:13,780] {taskinstance.py:1239} INFO - Starting attempt 1 of 2
[2024-05-22 07:29:13,780] {taskinstance.py:1240} INFO - 
--------------------------------------------------------------------------------
[2024-05-22 07:29:13,933] {taskinstance.py:1259} INFO - Executing <Task(PythonOperator): fetch_data> on 2024-05-21 13:00:00+00:00
[2024-05-22 07:29:14,002] {standard_task_runner.py:76} INFO - Running: ['***', 'tasks', 'run', 'purpleair_api_dag', 'fetch_data', 'scheduled__2024-05-21T13:00:00+00:00', '--job-id', '384', '--raw', '--subdir', 'DAGS_FOLDER/data_ingestion.py', '--cfg-path', '/tmp/tmp57n3on14', '--error-file', '/tmp/tmpaunb_u8i']
[2024-05-22 07:29:14,016] {standard_task_runner.py:77} INFO - Job 384: Subtask fetch_data
[2024-05-22 07:29:13,982] {standard_task_runner.py:52} INFO - Started process 2768 to run task
[2024-05-22 07:29:14,486] {logging_mixin.py:109} INFO - Running <TaskInstance: purpleair_api_dag.fetch_data scheduled__2024-05-21T13:00:00+00:00 [running]> on host 148b4063f71c
[2024-05-22 07:29:14,811] {taskinstance.py:1426} INFO - Exporting the following env vars:
AIRFLOW_CTX_DAG_OWNER=***
AIRFLOW_CTX_DAG_ID=purpleair_api_dag
AIRFLOW_CTX_TASK_ID=fetch_data
AIRFLOW_CTX_EXECUTION_DATE=2024-05-21T13:00:00+00:00
AIRFLOW_CTX_DAG_RUN_ID=scheduled__2024-05-21T13:00:00+00:00
[2024-05-22 07:29:14,843] {logging_mixin.py:109} INFO - Full URL: https://api.purpleair.com/v1/sensors?fields=latitude%2Clongitude%2Chumidity%2Cpm2.5_60minute%2Ctemperature&location_type=0&max_age=300
[2024-05-22 07:29:14,851] {logging_mixin.py:109} INFO - Headers: {'X-API-Key': '9A23CD90-1279-11EF-B9F7-42010A80000D'}
[2024-05-22 07:29:15,033] {logging_mixin.py:109} INFO - Status Code: 402
[2024-05-22 07:29:15,036] {logging_mixin.py:109} INFO - Response Content: {
  "api_version" : "V1.0.13-0.0.56",
  "time_stamp" : 1716362955,
  "error" : "PaymentRequiredError",
  "description" : "Payment is required to make this api call."
}
[2024-05-22 07:29:15,191] {logging_mixin.py:109} INFO - Failed to retrieve data: 402
[2024-05-22 07:29:15,216] {python.py:175} INFO - Done. Returned value was: None
[2024-05-22 07:29:15,271] {taskinstance.py:1277} INFO - Marking task as SUCCESS. dag_id=purpleair_api_dag, task_id=fetch_data, execution_date=20240521T130000, start_date=20240522T072913, end_date=20240522T072915
[2024-05-22 07:29:15,448] {local_task_job.py:154} INFO - Task exited with return code 0
[2024-05-22 07:29:16,003] {local_task_job.py:264} INFO - 0 downstream tasks scheduled from follow-on schedule check
[2024-05-22 07:33:20,341] {taskinstance.py:1032} INFO - Dependencies all met for <TaskInstance: purpleair_api_dag.fetch_data scheduled__2024-05-21T13:00:00+00:00 [queued]>
[2024-05-22 07:33:20,550] {taskinstance.py:1032} INFO - Dependencies all met for <TaskInstance: purpleair_api_dag.fetch_data scheduled__2024-05-21T13:00:00+00:00 [queued]>
[2024-05-22 07:33:20,551] {taskinstance.py:1238} INFO - 
--------------------------------------------------------------------------------
[2024-05-22 07:33:20,551] {taskinstance.py:1239} INFO - Starting attempt 1 of 2
[2024-05-22 07:33:20,551] {taskinstance.py:1240} INFO - 
--------------------------------------------------------------------------------
[2024-05-22 07:33:20,693] {taskinstance.py:1259} INFO - Executing <Task(PythonOperator): fetch_data> on 2024-05-21 13:00:00+00:00
[2024-05-22 07:33:20,785] {standard_task_runner.py:52} INFO - Started process 3017 to run task
[2024-05-22 07:33:20,864] {standard_task_runner.py:76} INFO - Running: ['***', 'tasks', 'run', 'purpleair_api_dag', 'fetch_data', 'scheduled__2024-05-21T13:00:00+00:00', '--job-id', '414', '--raw', '--subdir', 'DAGS_FOLDER/data_ingestion.py', '--cfg-path', '/tmp/tmpn0nthz2s', '--error-file', '/tmp/tmp35x5tmql']
[2024-05-22 07:33:20,916] {standard_task_runner.py:77} INFO - Job 414: Subtask fetch_data
[2024-05-22 07:33:21,567] {logging_mixin.py:109} INFO - Running <TaskInstance: purpleair_api_dag.fetch_data scheduled__2024-05-21T13:00:00+00:00 [running]> on host 148b4063f71c
[2024-05-22 07:33:22,150] {taskinstance.py:1426} INFO - Exporting the following env vars:
AIRFLOW_CTX_DAG_OWNER=***
AIRFLOW_CTX_DAG_ID=purpleair_api_dag
AIRFLOW_CTX_TASK_ID=fetch_data
AIRFLOW_CTX_EXECUTION_DATE=2024-05-21T13:00:00+00:00
AIRFLOW_CTX_DAG_RUN_ID=scheduled__2024-05-21T13:00:00+00:00
[2024-05-22 07:33:22,291] {logging_mixin.py:109} INFO - Full URL: https://api.purpleair.com/v1/sensors?fields=latitude%2Clongitude%2Chumidity%2Cpm2.5_60minute%2Ctemperature&location_type=0&max_age=300
[2024-05-22 07:33:22,291] {logging_mixin.py:109} INFO - Headers: {'X-API-Key': '9A23CD90-1279-11EF-B9F7-42010A80000D'}
[2024-05-22 07:33:22,735] {logging_mixin.py:109} INFO - Status Code: 402
[2024-05-22 07:33:22,807] {logging_mixin.py:109} INFO - Response Content: {
  "api_version" : "V1.0.13-0.0.56",
  "time_stamp" : 1716363202,
  "error" : "PaymentRequiredError",
  "description" : "Payment is required to make this api call."
}
[2024-05-22 07:33:23,134] {logging_mixin.py:109} INFO - Failed to retrieve data: 402
[2024-05-22 07:33:23,135] {python.py:175} INFO - Done. Returned value was: None
[2024-05-22 07:33:23,266] {taskinstance.py:1277} INFO - Marking task as SUCCESS. dag_id=purpleair_api_dag, task_id=fetch_data, execution_date=20240521T130000, start_date=20240522T073320, end_date=20240522T073323
[2024-05-22 07:33:23,514] {local_task_job.py:154} INFO - Task exited with return code 0
[2024-05-22 07:33:24,248] {local_task_job.py:264} INFO - 0 downstream tasks scheduled from follow-on schedule check
