[2024-05-22 02:20:42,948] {taskinstance.py:1032} INFO - Dependencies all met for <TaskInstance: purpleair_api_dag.fetch_data scheduled__2024-05-21T23:00:00+00:00 [queued]>
[2024-05-22 02:20:43,108] {taskinstance.py:1032} INFO - Dependencies all met for <TaskInstance: purpleair_api_dag.fetch_data scheduled__2024-05-21T23:00:00+00:00 [queued]>
[2024-05-22 02:20:43,109] {taskinstance.py:1238} INFO - 
--------------------------------------------------------------------------------
[2024-05-22 02:20:43,110] {taskinstance.py:1239} INFO - Starting attempt 1 of 2
[2024-05-22 02:20:43,110] {taskinstance.py:1240} INFO - 
--------------------------------------------------------------------------------
[2024-05-22 02:20:43,261] {taskinstance.py:1259} INFO - Executing <Task(PythonOperator): fetch_data> on 2024-05-21 23:00:00+00:00
[2024-05-22 02:20:43,310] {standard_task_runner.py:52} INFO - Started process 2408 to run task
[2024-05-22 02:20:43,391] {standard_task_runner.py:76} INFO - Running: ['***', 'tasks', 'run', 'purpleair_api_dag', 'fetch_data', 'scheduled__2024-05-21T23:00:00+00:00', '--job-id', '25', '--raw', '--subdir', 'DAGS_FOLDER/data_ingestion.py', '--cfg-path', '/tmp/tmpmo8dj2gd', '--error-file', '/tmp/tmpb_8i09fq']
[2024-05-22 02:20:43,429] {standard_task_runner.py:77} INFO - Job 25: Subtask fetch_data
[2024-05-22 02:20:43,853] {logging_mixin.py:109} INFO - Running <TaskInstance: purpleair_api_dag.fetch_data scheduled__2024-05-21T23:00:00+00:00 [running]> on host 8fe6997c1526
[2024-05-22 02:20:44,366] {taskinstance.py:1426} INFO - Exporting the following env vars:
AIRFLOW_CTX_DAG_OWNER=***
AIRFLOW_CTX_DAG_ID=purpleair_api_dag
AIRFLOW_CTX_TASK_ID=fetch_data
AIRFLOW_CTX_EXECUTION_DATE=2024-05-21T23:00:00+00:00
AIRFLOW_CTX_DAG_RUN_ID=scheduled__2024-05-21T23:00:00+00:00
[2024-05-22 02:20:44,616] {logging_mixin.py:109} INFO - Failed to retrieve data: 403
[2024-05-22 02:20:44,617] {python.py:175} INFO - Done. Returned value was: None
[2024-05-22 02:20:44,707] {taskinstance.py:1277} INFO - Marking task as SUCCESS. dag_id=purpleair_api_dag, task_id=fetch_data, execution_date=20240521T230000, start_date=20240522T022042, end_date=20240522T022044
[2024-05-22 02:20:44,798] {local_task_job.py:154} INFO - Task exited with return code 0
[2024-05-22 02:20:44,991] {local_task_job.py:264} INFO - 0 downstream tasks scheduled from follow-on schedule check
[2024-05-22 04:17:56,372] {taskinstance.py:1032} INFO - Dependencies all met for <TaskInstance: purpleair_api_dag.fetch_data scheduled__2024-05-21T23:00:00+00:00 [queued]>
[2024-05-22 04:17:56,436] {taskinstance.py:1032} INFO - Dependencies all met for <TaskInstance: purpleair_api_dag.fetch_data scheduled__2024-05-21T23:00:00+00:00 [queued]>
[2024-05-22 04:17:56,444] {taskinstance.py:1238} INFO - 
--------------------------------------------------------------------------------
[2024-05-22 04:17:56,449] {taskinstance.py:1239} INFO - Starting attempt 1 of 2
[2024-05-22 04:17:56,449] {taskinstance.py:1240} INFO - 
--------------------------------------------------------------------------------
[2024-05-22 04:17:56,506] {taskinstance.py:1259} INFO - Executing <Task(PythonOperator): fetch_data> on 2024-05-21 23:00:00+00:00
[2024-05-22 04:17:56,537] {standard_task_runner.py:52} INFO - Started process 390 to run task
[2024-05-22 04:17:56,571] {standard_task_runner.py:76} INFO - Running: ['***', 'tasks', 'run', 'purpleair_api_dag', 'fetch_data', 'scheduled__2024-05-21T23:00:00+00:00', '--job-id', '45', '--raw', '--subdir', 'DAGS_FOLDER/data_ingestion.py', '--cfg-path', '/tmp/tmp0d___0xf', '--error-file', '/tmp/tmp5vbh1c25']
[2024-05-22 04:17:56,615] {standard_task_runner.py:77} INFO - Job 45: Subtask fetch_data
[2024-05-22 04:17:56,818] {logging_mixin.py:109} INFO - Running <TaskInstance: purpleair_api_dag.fetch_data scheduled__2024-05-21T23:00:00+00:00 [running]> on host 3419eee920a5
[2024-05-22 04:17:57,066] {taskinstance.py:1426} INFO - Exporting the following env vars:
AIRFLOW_CTX_DAG_OWNER=***
AIRFLOW_CTX_DAG_ID=purpleair_api_dag
AIRFLOW_CTX_TASK_ID=fetch_data
AIRFLOW_CTX_EXECUTION_DATE=2024-05-21T23:00:00+00:00
AIRFLOW_CTX_DAG_RUN_ID=scheduled__2024-05-21T23:00:00+00:00
[2024-05-22 04:17:57,069] {logging_mixin.py:109} INFO -  api is None
[2024-05-22 04:17:57,095] {logging_mixin.py:109} INFO - Full URL: https://api.purpleair.com/v1/sensors?fields=latitude%2Clongitude%2Chumidity%2Cpm2.5_60minute%2Clast_seen&location_type=0&max_age=300
[2024-05-22 04:17:57,095] {logging_mixin.py:109} INFO - Headers: {'X-API-Key': 'None'}
[2024-05-22 04:17:57,208] {logging_mixin.py:109} INFO - Status Code: 403
[2024-05-22 04:17:57,209] {logging_mixin.py:109} INFO - Response Content: {
  "api_version" : "V1.0.13-0.0.56",
  "time_stamp" : 1716351477,
  "error" : "ApiKeyInvalidError",
  "description" : "The provided api_key was not valid."
}
[2024-05-22 04:17:57,291] {logging_mixin.py:109} INFO - Failed to retrieve data: 403
[2024-05-22 04:17:57,293] {python.py:175} INFO - Done. Returned value was: None
[2024-05-22 04:17:57,335] {taskinstance.py:1277} INFO - Marking task as SUCCESS. dag_id=purpleair_api_dag, task_id=fetch_data, execution_date=20240521T230000, start_date=20240522T041756, end_date=20240522T041757
[2024-05-22 04:17:57,451] {local_task_job.py:154} INFO - Task exited with return code 0
[2024-05-22 04:17:57,576] {local_task_job.py:264} INFO - 0 downstream tasks scheduled from follow-on schedule check
[2024-05-22 06:56:34,761] {taskinstance.py:1032} INFO - Dependencies all met for <TaskInstance: purpleair_api_dag.fetch_data scheduled__2024-05-21T23:00:00+00:00 [queued]>
[2024-05-22 06:56:34,902] {taskinstance.py:1032} INFO - Dependencies all met for <TaskInstance: purpleair_api_dag.fetch_data scheduled__2024-05-21T23:00:00+00:00 [queued]>
[2024-05-22 06:56:34,903] {taskinstance.py:1238} INFO - 
--------------------------------------------------------------------------------
[2024-05-22 06:56:34,903] {taskinstance.py:1239} INFO - Starting attempt 1 of 2
[2024-05-22 06:56:34,903] {taskinstance.py:1240} INFO - 
--------------------------------------------------------------------------------
[2024-05-22 06:56:35,036] {taskinstance.py:1259} INFO - Executing <Task(PythonOperator): fetch_data> on 2024-05-21 23:00:00+00:00
[2024-05-22 06:56:35,088] {standard_task_runner.py:52} INFO - Started process 576 to run task
[2024-05-22 06:56:35,126] {standard_task_runner.py:76} INFO - Running: ['***', 'tasks', 'run', 'purpleair_api_dag', 'fetch_data', 'scheduled__2024-05-21T23:00:00+00:00', '--job-id', '59', '--raw', '--subdir', 'DAGS_FOLDER/data_ingestion.py', '--cfg-path', '/tmp/tmpizwi0vhi', '--error-file', '/tmp/tmp_w7wzxrh']
[2024-05-22 06:56:35,213] {standard_task_runner.py:77} INFO - Job 59: Subtask fetch_data
[2024-05-22 06:56:35,904] {logging_mixin.py:109} INFO - Running <TaskInstance: purpleair_api_dag.fetch_data scheduled__2024-05-21T23:00:00+00:00 [running]> on host 148b4063f71c
[2024-05-22 06:56:36,451] {taskinstance.py:1426} INFO - Exporting the following env vars:
AIRFLOW_CTX_DAG_OWNER=***
AIRFLOW_CTX_DAG_ID=purpleair_api_dag
AIRFLOW_CTX_TASK_ID=fetch_data
AIRFLOW_CTX_EXECUTION_DATE=2024-05-21T23:00:00+00:00
AIRFLOW_CTX_DAG_RUN_ID=scheduled__2024-05-21T23:00:00+00:00
[2024-05-22 06:56:36,489] {logging_mixin.py:109} INFO - Full URL: https://api.purpleair.com/v1/sensors?fields=latitude%2Clongitude%2Chumidity%2Cpm2.5_60minute%2Ctemperature&location_type=0&max_age=300
[2024-05-22 06:56:36,492] {logging_mixin.py:109} INFO - Headers: {'X-API-Key': '9A23CD90-1279-11EF-B9F7-42010A80000D'}
[2024-05-22 06:56:36,791] {logging_mixin.py:109} INFO - Status Code: 402
[2024-05-22 06:56:36,793] {logging_mixin.py:109} INFO - Response Content: {
  "api_version" : "V1.0.13-0.0.56",
  "time_stamp" : 1716360996,
  "error" : "PaymentRequiredError",
  "description" : "Payment is required to make this api call."
}
[2024-05-22 06:56:36,976] {logging_mixin.py:109} INFO - Failed to retrieve data: 402
[2024-05-22 06:56:36,977] {python.py:175} INFO - Done. Returned value was: None
[2024-05-22 06:56:37,081] {taskinstance.py:1277} INFO - Marking task as SUCCESS. dag_id=purpleair_api_dag, task_id=fetch_data, execution_date=20240521T230000, start_date=20240522T065634, end_date=20240522T065637
[2024-05-22 06:56:37,306] {local_task_job.py:154} INFO - Task exited with return code 0
[2024-05-22 06:56:37,524] {local_task_job.py:264} INFO - 1 downstream tasks scheduled from follow-on schedule check
[2024-05-22 07:04:59,370] {taskinstance.py:1032} INFO - Dependencies all met for <TaskInstance: purpleair_api_dag.fetch_data scheduled__2024-05-21T23:00:00+00:00 [queued]>
[2024-05-22 07:04:59,439] {taskinstance.py:1032} INFO - Dependencies all met for <TaskInstance: purpleair_api_dag.fetch_data scheduled__2024-05-21T23:00:00+00:00 [queued]>
[2024-05-22 07:04:59,450] {taskinstance.py:1238} INFO - 
--------------------------------------------------------------------------------
[2024-05-22 07:04:59,456] {taskinstance.py:1239} INFO - Starting attempt 1 of 2
[2024-05-22 07:04:59,460] {taskinstance.py:1240} INFO - 
--------------------------------------------------------------------------------
[2024-05-22 07:04:59,585] {taskinstance.py:1259} INFO - Executing <Task(PythonOperator): fetch_data> on 2024-05-21 23:00:00+00:00
[2024-05-22 07:04:59,682] {standard_task_runner.py:76} INFO - Running: ['***', 'tasks', 'run', 'purpleair_api_dag', 'fetch_data', 'scheduled__2024-05-21T23:00:00+00:00', '--job-id', '140', '--raw', '--subdir', 'DAGS_FOLDER/data_ingestion.py', '--cfg-path', '/tmp/tmpdi6lsw6b', '--error-file', '/tmp/tmpuiw42ubo']
[2024-05-22 07:04:59,627] {standard_task_runner.py:52} INFO - Started process 1137 to run task
[2024-05-22 07:04:59,724] {standard_task_runner.py:77} INFO - Job 140: Subtask fetch_data
[2024-05-22 07:05:00,167] {logging_mixin.py:109} INFO - Running <TaskInstance: purpleair_api_dag.fetch_data scheduled__2024-05-21T23:00:00+00:00 [running]> on host 148b4063f71c
[2024-05-22 07:05:00,669] {taskinstance.py:1426} INFO - Exporting the following env vars:
AIRFLOW_CTX_DAG_OWNER=***
AIRFLOW_CTX_DAG_ID=purpleair_api_dag
AIRFLOW_CTX_TASK_ID=fetch_data
AIRFLOW_CTX_EXECUTION_DATE=2024-05-21T23:00:00+00:00
AIRFLOW_CTX_DAG_RUN_ID=scheduled__2024-05-21T23:00:00+00:00
[2024-05-22 07:05:00,702] {logging_mixin.py:109} INFO - Full URL: https://api.purpleair.com/v1/sensors?fields=latitude%2Clongitude%2Chumidity%2Cpm2.5_60minute%2Ctemperature&location_type=0&max_age=300
[2024-05-22 07:05:00,708] {logging_mixin.py:109} INFO - Headers: {'X-API-Key': '9A23CD90-1279-11EF-B9F7-42010A80000D'}
[2024-05-22 07:05:01,173] {logging_mixin.py:109} INFO - Status Code: 402
[2024-05-22 07:05:01,186] {logging_mixin.py:109} INFO - Response Content: {
  "api_version" : "V1.0.13-0.0.56",
  "time_stamp" : 1716361501,
  "error" : "PaymentRequiredError",
  "description" : "Payment is required to make this api call."
}
[2024-05-22 07:05:01,399] {logging_mixin.py:109} INFO - Failed to retrieve data: 402
[2024-05-22 07:05:01,400] {python.py:175} INFO - Done. Returned value was: None
[2024-05-22 07:05:01,719] {taskinstance.py:1277} INFO - Marking task as SUCCESS. dag_id=purpleair_api_dag, task_id=fetch_data, execution_date=20240521T230000, start_date=20240522T070459, end_date=20240522T070501
[2024-05-22 07:05:01,954] {local_task_job.py:154} INFO - Task exited with return code 0
[2024-05-22 07:05:03,060] {local_task_job.py:264} INFO - 0 downstream tasks scheduled from follow-on schedule check
[2024-05-22 07:12:51,094] {taskinstance.py:1032} INFO - Dependencies all met for <TaskInstance: purpleair_api_dag.fetch_data scheduled__2024-05-21T23:00:00+00:00 [queued]>
[2024-05-22 07:12:51,204] {taskinstance.py:1032} INFO - Dependencies all met for <TaskInstance: purpleair_api_dag.fetch_data scheduled__2024-05-21T23:00:00+00:00 [queued]>
[2024-05-22 07:12:51,206] {taskinstance.py:1238} INFO - 
--------------------------------------------------------------------------------
[2024-05-22 07:12:51,207] {taskinstance.py:1239} INFO - Starting attempt 1 of 2
[2024-05-22 07:12:51,208] {taskinstance.py:1240} INFO - 
--------------------------------------------------------------------------------
[2024-05-22 07:12:51,332] {taskinstance.py:1259} INFO - Executing <Task(PythonOperator): fetch_data> on 2024-05-21 23:00:00+00:00
[2024-05-22 07:12:51,469] {standard_task_runner.py:76} INFO - Running: ['***', 'tasks', 'run', 'purpleair_api_dag', 'fetch_data', 'scheduled__2024-05-21T23:00:00+00:00', '--job-id', '220', '--raw', '--subdir', 'DAGS_FOLDER/data_ingestion.py', '--cfg-path', '/tmp/tmp04u_2ab_', '--error-file', '/tmp/tmpjhnljyxz']
[2024-05-22 07:12:51,560] {standard_task_runner.py:77} INFO - Job 220: Subtask fetch_data
[2024-05-22 07:12:51,401] {standard_task_runner.py:52} INFO - Started process 1671 to run task
[2024-05-22 07:12:52,133] {logging_mixin.py:109} INFO - Running <TaskInstance: purpleair_api_dag.fetch_data scheduled__2024-05-21T23:00:00+00:00 [running]> on host 148b4063f71c
[2024-05-22 07:12:52,789] {taskinstance.py:1426} INFO - Exporting the following env vars:
AIRFLOW_CTX_DAG_OWNER=***
AIRFLOW_CTX_DAG_ID=purpleair_api_dag
AIRFLOW_CTX_TASK_ID=fetch_data
AIRFLOW_CTX_EXECUTION_DATE=2024-05-21T23:00:00+00:00
AIRFLOW_CTX_DAG_RUN_ID=scheduled__2024-05-21T23:00:00+00:00
[2024-05-22 07:12:52,863] {logging_mixin.py:109} INFO - Full URL: https://api.purpleair.com/v1/sensors?fields=latitude%2Clongitude%2Chumidity%2Cpm2.5_60minute%2Ctemperature&location_type=0&max_age=300
[2024-05-22 07:12:52,880] {logging_mixin.py:109} INFO - Headers: {'X-API-Key': '9A23CD90-1279-11EF-B9F7-42010A80000D'}
[2024-05-22 07:12:53,278] {logging_mixin.py:109} INFO - Status Code: 402
[2024-05-22 07:12:53,292] {logging_mixin.py:109} INFO - Response Content: {
  "api_version" : "V1.0.13-0.0.56",
  "time_stamp" : 1716361973,
  "error" : "PaymentRequiredError",
  "description" : "Payment is required to make this api call."
}
[2024-05-22 07:12:53,601] {logging_mixin.py:109} INFO - Failed to retrieve data: 402
[2024-05-22 07:12:53,602] {python.py:175} INFO - Done. Returned value was: None
[2024-05-22 07:12:54,210] {taskinstance.py:1277} INFO - Marking task as SUCCESS. dag_id=purpleair_api_dag, task_id=fetch_data, execution_date=20240521T230000, start_date=20240522T071251, end_date=20240522T071254
[2024-05-22 07:12:54,537] {local_task_job.py:154} INFO - Task exited with return code 0
[2024-05-22 07:12:55,125] {local_task_job.py:264} INFO - 0 downstream tasks scheduled from follow-on schedule check
[2024-05-22 07:22:31,001] {taskinstance.py:1032} INFO - Dependencies all met for <TaskInstance: purpleair_api_dag.fetch_data scheduled__2024-05-21T23:00:00+00:00 [queued]>
[2024-05-22 07:22:31,189] {taskinstance.py:1032} INFO - Dependencies all met for <TaskInstance: purpleair_api_dag.fetch_data scheduled__2024-05-21T23:00:00+00:00 [queued]>
[2024-05-22 07:22:31,208] {taskinstance.py:1238} INFO - 
--------------------------------------------------------------------------------
[2024-05-22 07:22:31,211] {taskinstance.py:1239} INFO - Starting attempt 1 of 2
[2024-05-22 07:22:31,212] {taskinstance.py:1240} INFO - 
--------------------------------------------------------------------------------
[2024-05-22 07:22:31,397] {taskinstance.py:1259} INFO - Executing <Task(PythonOperator): fetch_data> on 2024-05-21 23:00:00+00:00
[2024-05-22 07:22:31,491] {standard_task_runner.py:52} INFO - Started process 2360 to run task
[2024-05-22 07:22:31,516] {standard_task_runner.py:76} INFO - Running: ['***', 'tasks', 'run', 'purpleair_api_dag', 'fetch_data', 'scheduled__2024-05-21T23:00:00+00:00', '--job-id', '330', '--raw', '--subdir', 'DAGS_FOLDER/data_ingestion.py', '--cfg-path', '/tmp/tmpj9echt0q', '--error-file', '/tmp/tmp3hhemy_2']
[2024-05-22 07:22:31,634] {standard_task_runner.py:77} INFO - Job 330: Subtask fetch_data
[2024-05-22 07:22:32,172] {logging_mixin.py:109} INFO - Running <TaskInstance: purpleair_api_dag.fetch_data scheduled__2024-05-21T23:00:00+00:00 [running]> on host 148b4063f71c
[2024-05-22 07:22:32,676] {taskinstance.py:1426} INFO - Exporting the following env vars:
AIRFLOW_CTX_DAG_OWNER=***
AIRFLOW_CTX_DAG_ID=purpleair_api_dag
AIRFLOW_CTX_TASK_ID=fetch_data
AIRFLOW_CTX_EXECUTION_DATE=2024-05-21T23:00:00+00:00
AIRFLOW_CTX_DAG_RUN_ID=scheduled__2024-05-21T23:00:00+00:00
[2024-05-22 07:22:32,694] {logging_mixin.py:109} INFO - Full URL: https://api.purpleair.com/v1/sensors?fields=latitude%2Clongitude%2Chumidity%2Cpm2.5_60minute%2Ctemperature&location_type=0&max_age=300
[2024-05-22 07:22:32,718] {logging_mixin.py:109} INFO - Headers: {'X-API-Key': '9A23CD90-1279-11EF-B9F7-42010A80000D'}
[2024-05-22 07:22:33,185] {logging_mixin.py:109} INFO - Status Code: 402
[2024-05-22 07:22:33,186] {logging_mixin.py:109} INFO - Response Content: {
  "api_version" : "V1.0.13-0.0.56",
  "time_stamp" : 1716362553,
  "error" : "PaymentRequiredError",
  "description" : "Payment is required to make this api call."
}
[2024-05-22 07:22:33,534] {logging_mixin.py:109} INFO - Failed to retrieve data: 402
[2024-05-22 07:22:33,541] {python.py:175} INFO - Done. Returned value was: None
[2024-05-22 07:22:34,112] {taskinstance.py:1277} INFO - Marking task as SUCCESS. dag_id=purpleair_api_dag, task_id=fetch_data, execution_date=20240521T230000, start_date=20240522T072231, end_date=20240522T072234
[2024-05-22 07:22:34,292] {local_task_job.py:154} INFO - Task exited with return code 0
[2024-05-22 07:22:34,660] {local_task_job.py:264} INFO - 1 downstream tasks scheduled from follow-on schedule check
