[2024-05-22 07:28:53,229] {taskinstance.py:1032} INFO - Dependencies all met for <TaskInstance: purpleair_api_dag.fetch_data manual__2024-05-22T07:28:45.640933+00:00 [queued]>
[2024-05-22 07:28:53,313] {taskinstance.py:1032} INFO - Dependencies all met for <TaskInstance: purpleair_api_dag.fetch_data manual__2024-05-22T07:28:45.640933+00:00 [queued]>
[2024-05-22 07:28:53,314] {taskinstance.py:1238} INFO - 
--------------------------------------------------------------------------------
[2024-05-22 07:28:53,315] {taskinstance.py:1239} INFO - Starting attempt 1 of 2
[2024-05-22 07:28:53,315] {taskinstance.py:1240} INFO - 
--------------------------------------------------------------------------------
[2024-05-22 07:28:53,360] {taskinstance.py:1259} INFO - Executing <Task(PythonOperator): fetch_data> on 2024-05-22 07:28:45.640933+00:00
[2024-05-22 07:28:53,396] {standard_task_runner.py:52} INFO - Started process 2712 to run task
[2024-05-22 07:28:53,418] {standard_task_runner.py:76} INFO - Running: ['***', 'tasks', 'run', 'purpleair_api_dag', 'fetch_data', 'manual__2024-05-22T07:28:45.640933+00:00', '--job-id', '369', '--raw', '--subdir', 'DAGS_FOLDER/data_ingestion.py', '--cfg-path', '/tmp/tmpsosd50_6', '--error-file', '/tmp/tmpkpxsl29c']
[2024-05-22 07:28:53,471] {standard_task_runner.py:77} INFO - Job 369: Subtask fetch_data
[2024-05-22 07:28:53,813] {logging_mixin.py:109} INFO - Running <TaskInstance: purpleair_api_dag.fetch_data manual__2024-05-22T07:28:45.640933+00:00 [running]> on host 148b4063f71c
[2024-05-22 07:28:54,441] {taskinstance.py:1426} INFO - Exporting the following env vars:
AIRFLOW_CTX_DAG_OWNER=***
AIRFLOW_CTX_DAG_ID=purpleair_api_dag
AIRFLOW_CTX_TASK_ID=fetch_data
AIRFLOW_CTX_EXECUTION_DATE=2024-05-22T07:28:45.640933+00:00
AIRFLOW_CTX_DAG_RUN_ID=manual__2024-05-22T07:28:45.640933+00:00
[2024-05-22 07:28:54,482] {logging_mixin.py:109} INFO - Full URL: https://api.purpleair.com/v1/sensors?fields=latitude%2Clongitude%2Chumidity%2Cpm2.5_60minute%2Ctemperature&location_type=0&max_age=300
[2024-05-22 07:28:54,483] {logging_mixin.py:109} INFO - Headers: {'X-API-Key': '9A23CD90-1279-11EF-B9F7-42010A80000D'}
[2024-05-22 07:28:54,775] {logging_mixin.py:109} INFO - Status Code: 402
[2024-05-22 07:28:54,776] {logging_mixin.py:109} INFO - Response Content: {
  "api_version" : "V1.0.13-0.0.56",
  "time_stamp" : 1716362934,
  "error" : "PaymentRequiredError",
  "description" : "Payment is required to make this api call."
}
[2024-05-22 07:28:55,137] {logging_mixin.py:109} INFO - Failed to retrieve data: 402
[2024-05-22 07:28:55,138] {python.py:175} INFO - Done. Returned value was: None
[2024-05-22 07:28:55,553] {taskinstance.py:1277} INFO - Marking task as SUCCESS. dag_id=purpleair_api_dag, task_id=fetch_data, execution_date=20240522T072845, start_date=20240522T072853, end_date=20240522T072855
[2024-05-22 07:28:55,916] {local_task_job.py:154} INFO - Task exited with return code 0
[2024-05-22 07:28:56,364] {local_task_job.py:264} INFO - 0 downstream tasks scheduled from follow-on schedule check
