[2024-06-03 01:56:12,943] {taskinstance.py:1032} INFO - Dependencies all met for <TaskInstance: purpleair_api_dag.fetch_data scheduled__2024-06-02T02:00:00+00:00 [queued]>
[2024-06-03 01:56:13,086] {taskinstance.py:1032} INFO - Dependencies all met for <TaskInstance: purpleair_api_dag.fetch_data scheduled__2024-06-02T02:00:00+00:00 [queued]>
[2024-06-03 01:56:13,087] {taskinstance.py:1238} INFO - 
--------------------------------------------------------------------------------
[2024-06-03 01:56:13,087] {taskinstance.py:1239} INFO - Starting attempt 1 of 2
[2024-06-03 01:56:13,087] {taskinstance.py:1240} INFO - 
--------------------------------------------------------------------------------
[2024-06-03 01:56:13,151] {taskinstance.py:1259} INFO - Executing <Task(PythonOperator): fetch_data> on 2024-06-02 02:00:00+00:00
[2024-06-03 01:56:13,172] {standard_task_runner.py:52} INFO - Started process 156 to run task
[2024-06-03 01:56:13,248] {standard_task_runner.py:76} INFO - Running: ['***', 'tasks', 'run', 'purpleair_api_dag', 'fetch_data', 'scheduled__2024-06-02T02:00:00+00:00', '--job-id', '8', '--raw', '--subdir', 'DAGS_FOLDER/data_ingestion.py', '--cfg-path', '/tmp/tmp32i33xqd', '--error-file', '/tmp/tmp1j8ny67l']
[2024-06-03 01:56:13,332] {standard_task_runner.py:77} INFO - Job 8: Subtask fetch_data
[2024-06-03 01:56:13,949] {logging_mixin.py:109} INFO - Running <TaskInstance: purpleair_api_dag.fetch_data scheduled__2024-06-02T02:00:00+00:00 [running]> on host 4f5221a69661
[2024-06-03 01:56:14,589] {taskinstance.py:1426} INFO - Exporting the following env vars:
AIRFLOW_CTX_DAG_OWNER=***
AIRFLOW_CTX_DAG_ID=purpleair_api_dag
AIRFLOW_CTX_TASK_ID=fetch_data
AIRFLOW_CTX_EXECUTION_DATE=2024-06-02T02:00:00+00:00
AIRFLOW_CTX_DAG_RUN_ID=scheduled__2024-06-02T02:00:00+00:00
[2024-06-03 01:56:14,636] {logging_mixin.py:109} INFO - Full URL: https://api.purpleair.com/v1/sensors?fields=latitude%2Clongitude%2Chumidity%2Cpm2.5_60minute%2Ctemperature&location_type=0&max_age=300
[2024-06-03 01:56:14,636] {logging_mixin.py:109} INFO - Headers: {'X-API-Key': '9A23CD90-1279-11EF-B9F7-42010A80000D'}
[2024-06-03 01:56:14,922] {logging_mixin.py:109} INFO - Status Code: 402
[2024-06-03 01:56:14,923] {logging_mixin.py:109} INFO - Response Content: {
  "api_version" : "V1.0.13-0.0.57",
  "time_stamp" : 1717379774,
  "error" : "RateLimitExceededError",
  "description" : "Available API call limit exceeded, please try later."
}{
  "api_version" : "V1.0.13-0.0.57",
  "time_stamp" : 1717379774,
  "error" : "PaymentRequiredError",
  "description" : "Payment is required to make this api call."
}
[2024-06-03 01:56:25,547] {logging_mixin.py:109} INFO - Failed to retrieve data: 500
[2024-06-03 01:56:25,549] {python.py:175} INFO - Done. Returned value was: None
[2024-06-03 01:56:25,604] {taskinstance.py:1277} INFO - Marking task as SUCCESS. dag_id=purpleair_api_dag, task_id=fetch_data, execution_date=20240602T020000, start_date=20240603T015612, end_date=20240603T015625
[2024-06-03 01:56:25,772] {local_task_job.py:154} INFO - Task exited with return code 0
[2024-06-03 01:56:26,349] {local_task_job.py:264} INFO - 0 downstream tasks scheduled from follow-on schedule check
